2026-04-26T19:04:57.132+05:30  INFO 6024 --- [demo2] [main] com.example.demo2.Demo2Application       : Starting Demo2Application using Java 25.0.1 with PID 6024 (C:\Users\rama\Desktop\multymidia\demo2\target\classes started by rama in C:\Users\rama\Desktop\multymidia\demo2)
2026-04-26T19:04:57.199+05:30  INFO 6024 --- [demo2] [main] com.example.demo2.Demo2Application       : No active profile set, falling back to 1 default profile: "default"
2026-04-26T19:05:21.711+05:30  INFO 6024 --- [demo2] [main] com.example.demo2.Demo2Application       : Started Demo2Application in 26.321 seconds (process running for 37.803)
2026-04-26T19:44:04.411+05:30  INFO 3640 --- [demo2] [main] com.example.demo2.Demo2Application       : Starting Demo2Application using Java 25.0.1 with PID 3640 (C:\Users\rama\Desktop\multymidia\demo2\target\classes started by rama in C:\Users\rama\Desktop\multymidia\demo2)
2026-04-26T19:44:04.418+05:30  INFO 3640 --- [demo2] [main] com.example.demo2.Demo2Application       : No active profile set, falling back to 1 default profile: "default"
2026-04-26T19:44:19.794+05:30  INFO 3640 --- [demo2] [main] com.example.demo2.Demo2Application       : Started Demo2Application in 16.972 seconds (process running for 18.631)
2026-04-26T20:06:19.244+05:30  INFO 3640 --- [demo2] [http-nio-8080-exec-5] com.example.demo2.PerformanceAspect      : AOP -> Optional com.example.demo2.ProductRepository.findByIdForUpdate(Long) executed in 1249 ms
2026-04-26T20:06:19.273+05:30  INFO 3640 --- [demo2] [http-nio-8080-exec-5] com.example.demo2.PerformanceAspect      : AOP -> String com.example.demo2.ProductService.buyProductOptimized(Long,int) executed in 1320 ms
2026-04-26T20:06:19.406+05:30  INFO 3640 --- [demo2] [http-nio-8080-exec-10] com.example.demo2.PerformanceAspect      : AOP -> Optional com.example.demo2.ProductRepository.findByIdForUpdate(Long) executed in 1418 ms
2026-04-26T20:06:19.407+05:30  INFO 3640 --- [demo2] [http-nio-8080-exec-10] com.example.demo2.PerformanceAspect      : AOP -> String com.example.demo2.ProductService.buyProductOptimized(Long,int) executed in 1445 ms
2026-04-26T20:06:19.418+05:30  INFO 3640 --- [demo2] [http-nio-8080-exec-6] com.example.demo2.PerformanceAspect      : AOP -> Optional com.example.demo2.ProductRepository.findByIdForUpdate(Long) executed in 1437 ms
2026-04-26T20:06:19.419+05:30  INFO 3640 --- [demo2] [http-nio-8080-exec-6] com.example.demo2.PerformanceAspect      : AOP -> String com.example.demo2.ProductService.buyProductOptimized(Long,int) executed in 1465 ms
2026-04-26T20:06:19.431+05:30  INFO 3640 --- [demo2] [http-nio-8080-exec-8] com.example.demo2.PerformanceAspect      : AOP -> Optional com.example.demo2.ProductRepository.findByIdForUpdate(Long) executed in 1442 ms
2026-04-26T20:06:19.431+05:30  INFO 3640 --- [demo2] [http-nio-8080-exec-8] com.example.demo2.PerformanceAspect      : AOP -> String com.example.demo2.ProductService.buyProductOptimized(Long,int) executed in 1481 ms
2026-04-26T20:06:19.443+05:30  INFO 3640 --- [demo2] [http-nio-8080-exec-5] com.example.demo2.PerformanceAspect      : AOP -> String com.example.demo2.ProductController.buy(Long,Product,boolean) executed in 1749 ms
2026-04-26T20:06:19.446+05:30  INFO 3640 --- [demo2] [http-nio-8080-exec-7] com.example.demo2.PerformanceAspect      : AOP -> Optional com.example.demo2.ProductRepository.findByIdForUpdate(Long) executed in 1453 ms
2026-04-26T20:06:19.447+05:30  INFO 3640 --- [demo2] [http-nio-8080-exec-7] com.example.demo2.PerformanceAspect      : AOP -> String com.example.demo2.ProductService.buyProductOptimized(Long,int) executed in 1454 ms
2026-04-26T20:06:19.468+05:30  INFO 3640 --- [demo2] [http-nio-8080-exec-9] com.example.demo2.PerformanceAspect      : AOP -> Optional com.example.demo2.ProductRepository.findByIdForUpdate(Long) executed in 1480 ms
2026-04-26T20:06:19.469+05:30  INFO 3640 --- [demo2] [http-nio-8080-exec-9] com.example.demo2.PerformanceAspect      : AOP -> String com.example.demo2.ProductService.buyProductOptimized(Long,int) executed in 1505 ms
2026-04-26T20:06:19.473+05:30  INFO 3640 --- [demo2] [http-nio-8080-exec-6] com.example.demo2.PerformanceAspect      : AOP -> String com.example.demo2.ProductController.buy(Long,Product,boolean) executed in 1779 ms
2026-04-26T20:06:19.485+05:30  INFO 3640 --- [demo2] [http-nio-8080-exec-10] com.example.demo2.PerformanceAspect      : AOP -> String com.example.demo2.ProductController.buy(Long,Product,boolean) executed in 1791 ms
2026-04-26T20:06:19.493+05:30  INFO 3640 --- [demo2] [http-nio-8080-exec-7] com.example.demo2.PerformanceAspect      : AOP -> String com.example.demo2.ProductController.buy(Long,Product,boolean) executed in 1799 ms
2026-04-26T20:06:19.504+05:30  INFO 3640 --- [demo2] [http-nio-8080-exec-8] com.example.demo2.PerformanceAspect      : AOP -> String com.example.demo2.ProductController.buy(Long,Product,boolean) executed in 1810 ms
2026-04-26T20:06:19.518+05:30  INFO 3640 --- [demo2] [http-nio-8080-exec-3] com.example.demo2.PerformanceAspect      : AOP -> Optional com.example.demo2.ProductRepository.findByIdForUpdate(Long) executed in 1526 ms
2026-04-26T20:06:19.520+05:30  INFO 3640 --- [demo2] [http-nio-8080-exec-3] com.example.demo2.PerformanceAspect      : AOP -> String com.example.demo2.ProductService.buyProductOptimized(Long,int) executed in 1571 ms
2026-04-26T20:06:19.535+05:30  INFO 3640 --- [demo2] [http-nio-8080-exec-9] com.example.demo2.PerformanceAspect      : AOP -> String com.example.demo2.ProductController.buy(Long,Product,boolean) executed in 1841 ms
2026-04-26T20:06:19.548+05:30  INFO 3640 --- [demo2] [http-nio-8080-exec-2] com.example.demo2.PerformanceAspect      : AOP -> Optional com.example.demo2.ProductRepository.findByIdForUpdate(Long) executed in 1560 ms
2026-04-26T20:06:19.549+05:30  INFO 3640 --- [demo2] [http-nio-8080-exec-2] com.example.demo2.PerformanceAspect      : AOP -> String com.example.demo2.ProductService.buyProductOptimized(Long,int) executed in 1585 ms
2026-04-26T20:06:19.561+05:30  INFO 3640 --- [demo2] [http-nio-8080-exec-3] com.example.demo2.PerformanceAspect      : AOP -> String com.example.demo2.ProductController.buy(Long,Product,boolean) executed in 1867 ms
2026-04-26T20:06:19.574+05:30  INFO 3640 --- [demo2] [http-nio-8080-exec-1] com.example.demo2.PerformanceAspect      : AOP -> Optional com.example.demo2.ProductRepository.findByIdForUpdate(Long) executed in 1603 ms
2026-04-26T20:06:19.575+05:30  INFO 3640 --- [demo2] [http-nio-8080-exec-1] com.example.demo2.PerformanceAspect      : AOP -> String com.example.demo2.ProductService.buyProductOptimized(Long,int) executed in 1610 ms
2026-04-26T20:06:19.584+05:30  INFO 3640 --- [demo2] [http-nio-8080-exec-2] com.example.demo2.PerformanceAspect      : AOP -> String com.example.demo2.ProductController.buy(Long,Product,boolean) executed in 1890 ms
2026-04-26T20:06:19.619+05:30  INFO 3640 --- [demo2] [http-nio-8080-exec-4] com.example.demo2.PerformanceAspect      : AOP -> Optional com.example.demo2.ProductRepository.findByIdForUpdate(Long) executed in 1632 ms
2026-04-26T20:06:19.620+05:30  INFO 3640 --- [demo2] [http-nio-8080-exec-4] com.example.demo2.PerformanceAspect      : AOP -> String com.example.demo2.ProductService.buyProductOptimized(Long,int) executed in 1670 ms
2026-04-26T20:06:19.640+05:30  INFO 3640 --- [demo2] [http-nio-8080-exec-1] com.example.demo2.PerformanceAspect      : AOP -> String com.example.demo2.ProductController.buy(Long,Product,boolean) executed in 1946 ms
2026-04-26T20:06:19.681+05:30  INFO 3640 --- [demo2] [http-nio-8080-exec-4] com.example.demo2.PerformanceAspect      : AOP -> String com.example.demo2.ProductController.buy(Long,Product,boolean) executed in 1872 ms
2026-04-26T20:09:00.529+05:30  INFO 3640 --- [demo2] [http-nio-8080-exec-7] com.example.demo2.PerformanceAspect      : AOP -> Optional com.example.demo2.ProductRepository.findByIdForUpdate(Long) executed in 44 ms
2026-04-26T20:09:00.537+05:30  INFO 3640 --- [demo2] [http-nio-8080-exec-7] com.example.demo2.PerformanceAspect      : AOP -> String com.example.demo2.ProductService.buyProductOptimized(Long,int) executed in 54 ms
2026-04-26T20:09:00.557+05:30  INFO 3640 --- [demo2] [http-nio-8080-exec-7] com.example.demo2.PerformanceAspect      : AOP -> String com.example.demo2.ProductController.buy(Long,Product,boolean) executed in 76 ms
2026-04-26T20:09:00.557+05:30  INFO 3640 --- [demo2] [http-nio-8080-exec-6] com.example.demo2.PerformanceAspect      : AOP -> Optional com.example.demo2.ProductRepository.findByIdForUpdate(Long) executed in 117 ms
2026-04-26T20:09:00.558+05:30  INFO 3640 --- [demo2] [http-nio-8080-exec-6] com.example.demo2.PerformanceAspect      : AOP -> String com.example.demo2.ProductService.buyProductOptimized(Long,int) executed in 120 ms
2026-04-26T20:09:00.571+05:30  INFO 3640 --- [demo2] [http-nio-8080-exec-6] com.example.demo2.PerformanceAspect      : AOP -> String com.example.demo2.ProductController.buy(Long,Product,boolean) executed in 150 ms
2026-04-26T20:09:00.571+05:30  INFO 3640 --- [demo2] [http-nio-8080-exec-5] com.example.demo2.PerformanceAspect      : AOP -> Optional com.example.demo2.ProductRepository.findByIdForUpdate(Long) executed in 132 ms
2026-04-26T20:09:00.573+05:30  INFO 3640 --- [demo2] [http-nio-8080-exec-5] com.example.demo2.PerformanceAspect      : AOP -> String com.example.demo2.ProductService.buyProductOptimized(Long,int) executed in 135 ms
2026-04-26T20:09:00.605+05:30  INFO 3640 --- [demo2] [http-nio-8080-exec-10] com.example.demo2.PerformanceAspect      : AOP -> Optional com.example.demo2.ProductRepository.findByIdForUpdate(Long) executed in 166 ms
2026-04-26T20:09:00.606+05:30  INFO 3640 --- [demo2] [http-nio-8080-exec-10] com.example.demo2.PerformanceAspect      : AOP -> String com.example.demo2.ProductService.buyProductOptimized(Long,int) executed in 168 ms
2026-04-26T20:09:00.613+05:30  INFO 3640 --- [demo2] [http-nio-8080-exec-5] com.example.demo2.PerformanceAspect      : AOP -> String com.example.demo2.ProductController.buy(Long,Product,boolean) executed in 192 ms
2026-04-26T20:09:00.626+05:30  INFO 3640 --- [demo2] [http-nio-8080-exec-8] com.example.demo2.PerformanceAspect      : AOP -> Optional com.example.demo2.ProductRepository.findByIdForUpdate(Long) executed in 13 ms
2026-04-26T20:09:00.627+05:30  INFO 3640 --- [demo2] [http-nio-8080-exec-8] com.example.demo2.PerformanceAspect      : AOP -> String com.example.demo2.ProductService.buyProductOptimized(Long,int) executed in 14 ms
2026-04-26T20:09:00.629+05:30  INFO 3640 --- [demo2] [http-nio-8080-exec-10] com.example.demo2.PerformanceAspect      : AOP -> String com.example.demo2.ProductController.buy(Long,Product,boolean) executed in 208 ms
2026-04-26T20:09:00.637+05:30  INFO 3640 --- [demo2] [http-nio-8080-exec-8] com.example.demo2.PerformanceAspect      : AOP -> String com.example.demo2.ProductController.buy(Long,Product,boolean) executed in 29 ms
2026-04-26T20:09:00.689+05:30  INFO 3640 --- [demo2] [http-nio-8080-exec-2] com.example.demo2.PerformanceAspect      : AOP -> Optional com.example.demo2.ProductRepository.findByIdForUpdate(Long) executed in 4 ms
2026-04-26T20:09:00.689+05:30  INFO 3640 --- [demo2] [http-nio-8080-exec-2] com.example.demo2.PerformanceAspect      : AOP -> String com.example.demo2.ProductService.buyProductOptimized(Long,int) executed in 5 ms
2026-04-26T20:09:00.694+05:30  INFO 3640 --- [demo2] [http-nio-8080-exec-2] com.example.demo2.PerformanceAspect      : AOP -> String com.example.demo2.ProductController.buy(Long,Product,boolean) executed in 11 ms
2026-04-26T20:09:00.793+05:30  INFO 3640 --- [demo2] [http-nio-8080-exec-1] com.example.demo2.PerformanceAspect      : AOP -> Optional com.example.demo2.ProductRepository.findByIdForUpdate(Long) executed in 4 ms
2026-04-26T20:09:00.793+05:30  INFO 3640 --- [demo2] [http-nio-8080-exec-1] com.example.demo2.PerformanceAspect      : AOP -> String com.example.demo2.ProductService.buyProductOptimized(Long,int) executed in 4 ms
2026-04-26T20:09:00.798+05:30  INFO 3640 --- [demo2] [http-nio-8080-exec-1] com.example.demo2.PerformanceAspect      : AOP -> String com.example.demo2.ProductController.buy(Long,Product,boolean) executed in 11 ms
2026-04-26T20:09:00.886+05:30  INFO 3640 --- [demo2] [http-nio-8080-exec-6] com.example.demo2.PerformanceAspect      : AOP -> Optional com.example.demo2.ProductRepository.findByIdForUpdate(Long) executed in 3 ms
2026-04-26T20:09:00.886+05:30  INFO 3640 --- [demo2] [http-nio-8080-exec-6] com.example.demo2.PerformanceAspect      : AOP -> String com.example.demo2.ProductService.buyProductOptimized(Long,int) executed in 3 ms
2026-04-26T20:09:00.902+05:30  INFO 3640 --- [demo2] [http-nio-8080-exec-6] com.example.demo2.PerformanceAspect      : AOP -> String com.example.demo2.ProductController.buy(Long,Product,boolean) executed in 20 ms
2026-04-26T20:09:00.987+05:30  INFO 3640 --- [demo2] [http-nio-8080-exec-7] com.example.demo2.PerformanceAspect      : AOP -> Optional com.example.demo2.ProductRepository.findByIdForUpdate(Long) executed in 3 ms
2026-04-26T20:09:00.987+05:30  INFO 3640 --- [demo2] [http-nio-8080-exec-7] com.example.demo2.PerformanceAspect      : AOP -> String com.example.demo2.ProductService.buyProductOptimized(Long,int) executed in 3 ms
2026-04-26T20:09:00.992+05:30  INFO 3640 --- [demo2] [http-nio-8080-exec-7] com.example.demo2.PerformanceAspect      : AOP -> String com.example.demo2.ProductController.buy(Long,Product,boolean) executed in 9 ms
2026-04-26T20:09:01.091+05:30  INFO 3640 --- [demo2] [http-nio-8080-exec-10] com.example.demo2.PerformanceAspect      : AOP -> Optional com.example.demo2.ProductRepository.findByIdForUpdate(Long) executed in 5 ms
2026-04-26T20:09:01.092+05:30  INFO 3640 --- [demo2] [http-nio-8080-exec-10] com.example.demo2.PerformanceAspect      : AOP -> String com.example.demo2.ProductService.buyProductOptimized(Long,int) executed in 6 ms
2026-04-26T20:09:01.097+05:30  INFO 3640 --- [demo2] [http-nio-8080-exec-10] com.example.demo2.PerformanceAspect      : AOP -> String com.example.demo2.ProductController.buy(Long,Product,boolean) executed in 12 ms
2026-04-26T20:10:46.510+05:30  INFO 3640 --- [demo2] [http-nio-8080-exec-3] com.example.demo2.PerformanceAspect      : AOP -> Optional org.springframework.data.repository.CrudRepository.findById(Object) executed in 173 ms
2026-04-26T20:10:46.514+05:30  INFO 3640 --- [demo2] [http-nio-8080-exec-8] com.example.demo2.PerformanceAspect      : AOP -> Optional org.springframework.data.repository.CrudRepository.findById(Object) executed in 265 ms
2026-04-26T20:10:46.535+05:30  INFO 3640 --- [demo2] [http-nio-8080-exec-1] com.example.demo2.PerformanceAspect      : AOP -> Optional org.springframework.data.repository.CrudRepository.findById(Object) executed in 6 ms
2026-04-26T20:10:46.537+05:30  INFO 3640 --- [demo2] [http-nio-8080-exec-2] com.example.demo2.PerformanceAspect      : AOP -> Optional org.springframework.data.repository.CrudRepository.findById(Object) executed in 104 ms
2026-04-26T20:10:46.537+05:30  INFO 3640 --- [demo2] [http-nio-8080-exec-9] com.example.demo2.PerformanceAspect      : AOP -> Optional org.springframework.data.repository.CrudRepository.findById(Object) executed in 288 ms
2026-04-26T20:10:46.645+05:30  INFO 3640 --- [demo2] [http-nio-8080-exec-4] com.example.demo2.PerformanceAspect      : AOP -> Optional org.springframework.data.repository.CrudRepository.findById(Object) executed in 14 ms
2026-04-26T20:10:46.663+05:30  INFO 3640 --- [demo2] [http-nio-8080-exec-8] com.example.demo2.PerformanceAspect      : AOP -> Object org.springframework.data.repository.CrudRepository.save(Object) executed in 38 ms
2026-04-26T20:10:46.663+05:30  INFO 3640 --- [demo2] [http-nio-8080-exec-1] com.example.demo2.PerformanceAspect      : AOP -> Object org.springframework.data.repository.CrudRepository.save(Object) executed in 26 ms
2026-04-26T20:10:46.667+05:30  INFO 3640 --- [demo2] [http-nio-8080-exec-9] com.example.demo2.PerformanceAspect      : AOP -> Object org.springframework.data.repository.CrudRepository.save(Object) executed in 29 ms
2026-04-26T20:10:46.668+05:30  INFO 3640 --- [demo2] [http-nio-8080-exec-9] com.example.demo2.PerformanceAspect      : AOP -> String com.example.demo2.ProductService.buyProductLegacy(Long,int) executed in 530 ms
2026-04-26T20:10:46.668+05:30  INFO 3640 --- [demo2] [http-nio-8080-exec-1] com.example.demo2.PerformanceAspect      : AOP -> String com.example.demo2.ProductService.buyProductLegacy(Long,int) executed in 139 ms
2026-04-26T20:10:46.669+05:30  INFO 3640 --- [demo2] [http-nio-8080-exec-9] com.example.demo2.PerformanceAspect      : AOP -> String com.example.demo2.ProductController.buy(Long,Product,boolean) executed in 545 ms
2026-04-26T20:10:46.669+05:30  INFO 3640 --- [demo2] [http-nio-8080-exec-1] com.example.demo2.PerformanceAspect      : AOP -> String com.example.demo2.ProductController.buy(Long,Product,boolean) executed in 140 ms
2026-04-26T20:10:46.685+05:30  INFO 3640 --- [demo2] [http-nio-8080-exec-3] com.example.demo2.PerformanceAspect      : AOP -> Object org.springframework.data.repository.CrudRepository.save(Object) executed in 70 ms
2026-04-26T20:10:46.686+05:30  INFO 3640 --- [demo2] [http-nio-8080-exec-3] com.example.demo2.PerformanceAspect      : AOP -> String com.example.demo2.ProductService.buyProductLegacy(Long,int) executed in 349 ms
2026-04-26T20:10:46.687+05:30  INFO 3640 --- [demo2] [http-nio-8080-exec-3] com.example.demo2.PerformanceAspect      : AOP -> String com.example.demo2.ProductController.buy(Long,Product,boolean) executed in 351 ms
2026-04-26T20:10:46.692+05:30  INFO 3640 --- [demo2] [http-nio-8080-exec-8] com.example.demo2.PerformanceAspect      : AOP -> String com.example.demo2.ProductService.buyProductLegacy(Long,int) executed in 473 ms
2026-04-26T20:10:46.695+05:30  INFO 3640 --- [demo2] [http-nio-8080-exec-8] com.example.demo2.PerformanceAspect      : AOP -> String com.example.demo2.ProductController.buy(Long,Product,boolean) executed in 476 ms
2026-04-26T20:10:46.708+05:30  INFO 3640 --- [demo2] [http-nio-8080-exec-2] com.example.demo2.PerformanceAspect      : AOP -> Object org.springframework.data.repository.CrudRepository.save(Object) executed in 70 ms
2026-04-26T20:10:46.708+05:30  INFO 3640 --- [demo2] [http-nio-8080-exec-2] com.example.demo2.PerformanceAspect      : AOP -> String com.example.demo2.ProductService.buyProductLegacy(Long,int) executed in 275 ms
2026-04-26T20:10:46.709+05:30  INFO 3640 --- [demo2] [http-nio-8080-exec-2] com.example.demo2.PerformanceAspect      : AOP -> String com.example.demo2.ProductController.buy(Long,Product,boolean) executed in 276 ms
2026-04-26T20:10:46.747+05:30  INFO 3640 --- [demo2] [http-nio-8080-exec-6] com.example.demo2.PerformanceAspect      : AOP -> Optional org.springframework.data.repository.CrudRepository.findById(Object) executed in 12 ms
2026-04-26T20:10:46.751+05:30  INFO 3640 --- [demo2] [http-nio-8080-exec-4] com.example.demo2.PerformanceAspect      : AOP -> Object org.springframework.data.repository.CrudRepository.save(Object) executed in 5 ms
2026-04-26T20:10:46.754+05:30  INFO 3640 --- [demo2] [http-nio-8080-exec-4] com.example.demo2.PerformanceAspect      : AOP -> String com.example.demo2.ProductService.buyProductLegacy(Long,int) executed in 123 ms
2026-04-26T20:10:46.754+05:30  INFO 3640 --- [demo2] [http-nio-8080-exec-4] com.example.demo2.PerformanceAspect      : AOP -> String com.example.demo2.ProductController.buy(Long,Product,boolean) executed in 123 ms
2026-04-26T20:10:46.831+05:30  INFO 3640 --- [demo2] [http-nio-8080-exec-5] com.example.demo2.PerformanceAspect      : AOP -> Optional org.springframework.data.repository.CrudRepository.findById(Object) executed in 6 ms
2026-04-26T20:10:46.860+05:30  INFO 3640 --- [demo2] [http-nio-8080-exec-6] com.example.demo2.PerformanceAspect      : AOP -> Object org.springframework.data.repository.CrudRepository.save(Object) executed in 12 ms
2026-04-26T20:10:46.861+05:30  INFO 3640 --- [demo2] [http-nio-8080-exec-6] com.example.demo2.PerformanceAspect      : AOP -> String com.example.demo2.ProductService.buyProductLegacy(Long,int) executed in 126 ms
2026-04-26T20:10:46.861+05:30  INFO 3640 --- [demo2] [http-nio-8080-exec-6] com.example.demo2.PerformanceAspect      : AOP -> String com.example.demo2.ProductController.buy(Long,Product,boolean) executed in 127 ms
2026-04-26T20:10:46.931+05:30  INFO 3640 --- [demo2] [http-nio-8080-exec-10] com.example.demo2.PerformanceAspect      : AOP -> Optional org.springframework.data.repository.CrudRepository.findById(Object) executed in 6 ms
2026-04-26T20:10:46.937+05:30  INFO 3640 --- [demo2] [http-nio-8080-exec-5] com.example.demo2.PerformanceAspect      : AOP -> Object org.springframework.data.repository.CrudRepository.save(Object) executed in 5 ms
2026-04-26T20:10:46.938+05:30  INFO 3640 --- [demo2] [http-nio-8080-exec-5] com.example.demo2.PerformanceAspect      : AOP -> String com.example.demo2.ProductService.buyProductLegacy(Long,int) executed in 113 ms
2026-04-26T20:10:46.938+05:30  INFO 3640 --- [demo2] [http-nio-8080-exec-5] com.example.demo2.PerformanceAspect      : AOP -> String com.example.demo2.ProductController.buy(Long,Product,boolean) executed in 113 ms
2026-04-26T20:10:47.068+05:30  INFO 3640 --- [demo2] [http-nio-8080-exec-10] com.example.demo2.PerformanceAspect      : AOP -> Object org.springframework.data.repository.CrudRepository.save(Object) executed in 33 ms
2026-04-26T20:10:47.069+05:30  INFO 3640 --- [demo2] [http-nio-8080-exec-10] com.example.demo2.PerformanceAspect      : AOP -> String com.example.demo2.ProductService.buyProductLegacy(Long,int) executed in 144 ms
2026-04-26T20:10:47.069+05:30  INFO 3640 --- [demo2] [http-nio-8080-exec-10] com.example.demo2.PerformanceAspect      : AOP -> String com.example.demo2.ProductController.buy(Long,Product,boolean) executed in 144 ms
2026-04-26T20:10:47.080+05:30  INFO 3640 --- [demo2] [http-nio-8080-exec-1] com.example.demo2.PerformanceAspect      : AOP -> Optional org.springframework.data.repository.CrudRepository.findById(Object) executed in 44 ms
2026-04-26T20:10:47.188+05:30  INFO 3640 --- [demo2] [http-nio-8080-exec-1] com.example.demo2.PerformanceAspect      : AOP -> Object org.springframework.data.repository.CrudRepository.save(Object) executed in 6 ms
2026-04-26T20:10:47.189+05:30  INFO 3640 --- [demo2] [http-nio-8080-exec-1] com.example.demo2.PerformanceAspect      : AOP -> String com.example.demo2.ProductService.buyProductLegacy(Long,int) executed in 153 ms
2026-04-26T20:10:47.189+05:30  INFO 3640 --- [demo2] [http-nio-8080-exec-1] com.example.demo2.PerformanceAspect      : AOP -> String com.example.demo2.ProductController.buy(Long,Product,boolean) executed in 153 ms
2026-04-26T20:56:06.158+05:30  INFO 3640 --- [demo2] [http-nio-8080-exec-6] com.example.demo2.PerformanceAspect      : AOP -> Optional com.example.demo2.ProductRepository.findByIdForUpdate(Long) executed in 256 ms
2026-04-26T20:56:06.195+05:30  INFO 3640 --- [demo2] [http-nio-8080-exec-6] com.example.demo2.PerformanceAspect      : AOP -> String com.example.demo2.ProductService.buyProductOptimized(Long,int) executed in 303 ms
2026-04-26T20:56:06.336+05:30  INFO 3640 --- [demo2] [http-nio-8080-exec-1] com.example.demo2.PerformanceAspect      : AOP -> Optional com.example.demo2.ProductRepository.findByIdForUpdate(Long) executed in 340 ms
2026-04-26T20:56:06.337+05:30  INFO 3640 --- [demo2] [http-nio-8080-exec-1] com.example.demo2.PerformanceAspect      : AOP -> String com.example.demo2.ProductService.buyProductOptimized(Long,int) executed in 341 ms
2026-04-26T20:56:06.357+05:30  INFO 3640 --- [demo2] [http-nio-8080-exec-10] com.example.demo2.PerformanceAspect      : AOP -> Optional com.example.demo2.ProductRepository.findByIdForUpdate(Long) executed in 457 ms
2026-04-26T20:56:06.359+05:30  INFO 3640 --- [demo2] [http-nio-8080-exec-10] com.example.demo2.PerformanceAspect      : AOP -> String com.example.demo2.ProductService.buyProductOptimized(Long,int) executed in 467 ms
2026-04-26T20:56:06.370+05:30  INFO 3640 --- [demo2] [http-nio-8080-exec-4] com.example.demo2.PerformanceAspect      : AOP -> Optional com.example.demo2.ProductRepository.findByIdForUpdate(Long) executed in 470 ms
2026-04-26T20:56:06.370+05:30  INFO 3640 --- [demo2] [http-nio-8080-exec-6] com.example.demo2.PerformanceAspect      : AOP -> String com.example.demo2.ProductController.buy(Long,Product,boolean) executed in 539 ms
2026-04-26T20:56:06.371+05:30  INFO 3640 --- [demo2] [http-nio-8080-exec-4] com.example.demo2.PerformanceAspect      : AOP -> String com.example.demo2.ProductService.buyProductOptimized(Long,int) executed in 479 ms
2026-04-26T20:56:06.382+05:30  INFO 3640 --- [demo2] [http-nio-8080-exec-8] com.example.demo2.PerformanceAspect      : AOP -> Optional com.example.demo2.ProductRepository.findByIdForUpdate(Long) executed in 482 ms
2026-04-26T20:56:06.382+05:30  INFO 3640 --- [demo2] [http-nio-8080-exec-8] com.example.demo2.PerformanceAspect      : AOP -> String com.example.demo2.ProductService.buyProductOptimized(Long,int) executed in 490 ms
2026-04-26T20:56:06.394+05:30  INFO 3640 --- [demo2] [http-nio-8080-exec-1] com.example.demo2.PerformanceAspect      : AOP -> String com.example.demo2.ProductController.buy(Long,Product,boolean) executed in 400 ms
2026-04-26T20:56:06.400+05:30  INFO 3640 --- [demo2] [http-nio-8080-exec-10] com.example.demo2.PerformanceAspect      : AOP -> String com.example.demo2.ProductController.buy(Long,Product,boolean) executed in 512 ms
2026-04-26T20:56:06.415+05:30  INFO 3640 --- [demo2] [http-nio-8080-exec-7] com.example.demo2.PerformanceAspect      : AOP -> Optional com.example.demo2.ProductRepository.findByIdForUpdate(Long) executed in 515 ms
2026-04-26T20:56:06.415+05:30  INFO 3640 --- [demo2] [http-nio-8080-exec-7] com.example.demo2.PerformanceAspect      : AOP -> String com.example.demo2.ProductService.buyProductOptimized(Long,int) executed in 523 ms
2026-04-26T20:56:06.425+05:30  INFO 3640 --- [demo2] [http-nio-8080-exec-3] com.example.demo2.PerformanceAspect      : AOP -> Optional com.example.demo2.ProductRepository.findByIdForUpdate(Long) executed in 525 ms
2026-04-26T20:56:06.426+05:30  INFO 3640 --- [demo2] [http-nio-8080-exec-3] com.example.demo2.PerformanceAspect      : AOP -> String com.example.demo2.ProductService.buyProductOptimized(Long,int) executed in 534 ms
2026-04-26T20:56:06.442+05:30  INFO 3640 --- [demo2] [http-nio-8080-exec-2] com.example.demo2.PerformanceAspect      : AOP -> Optional com.example.demo2.ProductRepository.findByIdForUpdate(Long) executed in 542 ms
2026-04-26T20:56:06.449+05:30  INFO 3640 --- [demo2] [http-nio-8080-exec-2] com.example.demo2.PerformanceAspect      : AOP -> String com.example.demo2.ProductService.buyProductOptimized(Long,int) executed in 557 ms
2026-04-26T20:56:06.469+05:30  INFO 3640 --- [demo2] [http-nio-8080-exec-4] com.example.demo2.PerformanceAspect      : AOP -> String com.example.demo2.ProductController.buy(Long,Product,boolean) executed in 638 ms
2026-04-26T20:56:06.478+05:30  INFO 3640 --- [demo2] [http-nio-8080-exec-7] com.example.demo2.PerformanceAspect      : AOP -> String com.example.demo2.ProductController.buy(Long,Product,boolean) executed in 647 ms
2026-04-26T20:56:06.488+05:30  INFO 3640 --- [demo2] [http-nio-8080-exec-3] com.example.demo2.PerformanceAspect      : AOP -> String com.example.demo2.ProductController.buy(Long,Product,boolean) executed in 657 ms
2026-04-26T20:56:06.520+05:30  INFO 3640 --- [demo2] [http-nio-8080-exec-8] com.example.demo2.PerformanceAspect      : AOP -> String com.example.demo2.ProductController.buy(Long,Product,boolean) executed in 689 ms
2026-04-26T20:56:06.863+05:30  INFO 3640 --- [demo2] [http-nio-8080-exec-2] com.example.demo2.PerformanceAspect      : AOP -> String com.example.demo2.ProductController.buy(Long,Product,boolean) executed in 1032 ms
2026-04-26T20:56:06.865+05:30  INFO 3640 --- [demo2] [http-nio-8080-exec-5] com.example.demo2.PerformanceAspect      : AOP -> Optional com.example.demo2.ProductRepository.findByIdForUpdate(Long) executed in 965 ms
2026-04-26T20:56:06.866+05:30  INFO 3640 --- [demo2] [http-nio-8080-exec-5] com.example.demo2.PerformanceAspect      : AOP -> String com.example.demo2.ProductService.buyProductOptimized(Long,int) executed in 974 ms
2026-04-26T20:56:06.924+05:30  INFO 3640 --- [demo2] [http-nio-8080-exec-5] com.example.demo2.PerformanceAspect      : AOP -> String com.example.demo2.ProductController.buy(Long,Product,boolean) executed in 1093 ms
2026-04-26T20:56:06.938+05:30  INFO 3640 --- [demo2] [http-nio-8080-exec-9] com.example.demo2.PerformanceAspect      : AOP -> Optional com.example.demo2.ProductRepository.findByIdForUpdate(Long) executed in 828 ms
2026-04-26T20:56:06.939+05:30  INFO 3640 --- [demo2] [http-nio-8080-exec-9] com.example.demo2.PerformanceAspect      : AOP -> String com.example.demo2.ProductService.buyProductOptimized(Long,int) executed in 829 ms
2026-04-26T20:56:06.946+05:30  INFO 3640 --- [demo2] [http-nio-8080-exec-9] com.example.demo2.PerformanceAspect      : AOP -> String com.example.demo2.ProductController.buy(Long,Product,boolean) executed in 852 ms
2026-04-26T20:57:00.705+05:30  INFO 3640 --- [demo2] [http-nio-8080-exec-7] com.example.demo2.PerformanceAspect      : AOP -> Optional com.example.demo2.ProductRepository.findByIdForUpdate(Long) executed in 6 ms
2026-04-26T20:57:00.707+05:30  INFO 3640 --- [demo2] [http-nio-8080-exec-7] com.example.demo2.PerformanceAspect      : AOP -> String com.example.demo2.ProductService.buyProductOptimized(Long,int) executed in 8 ms
2026-04-26T20:57:00.713+05:30  INFO 3640 --- [demo2] [http-nio-8080-exec-7] com.example.demo2.PerformanceAspect      : AOP -> String com.example.demo2.ProductController.buy(Long,Product,boolean) executed in 16 ms
2026-04-26T20:57:00.781+05:30  INFO 3640 --- [demo2] [http-nio-8080-exec-6] com.example.demo2.PerformanceAspect      : AOP -> Optional com.example.demo2.ProductRepository.findByIdForUpdate(Long) executed in 4 ms
2026-04-26T20:57:00.782+05:30  INFO 3640 --- [demo2] [http-nio-8080-exec-6] com.example.demo2.PerformanceAspect      : AOP -> String com.example.demo2.ProductService.buyProductOptimized(Long,int) executed in 8 ms
2026-04-26T20:57:00.785+05:30  INFO 3640 --- [demo2] [http-nio-8080-exec-6] com.example.demo2.PerformanceAspect      : AOP -> String com.example.demo2.ProductController.buy(Long,Product,boolean) executed in 13 ms
2026-04-26T20:57:00.892+05:30  INFO 3640 --- [demo2] [http-nio-8080-exec-10] com.example.demo2.PerformanceAspect      : AOP -> Optional com.example.demo2.ProductRepository.findByIdForUpdate(Long) executed in 8 ms
2026-04-26T20:57:00.893+05:30  INFO 3640 --- [demo2] [http-nio-8080-exec-10] com.example.demo2.PerformanceAspect      : AOP -> String com.example.demo2.ProductService.buyProductOptimized(Long,int) executed in 9 ms
2026-04-26T20:57:00.906+05:30  INFO 3640 --- [demo2] [http-nio-8080-exec-10] com.example.demo2.PerformanceAspect      : AOP -> String com.example.demo2.ProductController.buy(Long,Product,boolean) executed in 24 ms
2026-04-26T20:57:00.989+05:30  INFO 3640 --- [demo2] [http-nio-8080-exec-8] com.example.demo2.PerformanceAspect      : AOP -> Optional com.example.demo2.ProductRepository.findByIdForUpdate(Long) executed in 6 ms
2026-04-26T20:57:00.990+05:30  INFO 3640 --- [demo2] [http-nio-8080-exec-8] com.example.demo2.PerformanceAspect      : AOP -> String com.example.demo2.ProductService.buyProductOptimized(Long,int) executed in 7 ms
2026-04-26T20:57:01.014+05:30  INFO 3640 --- [demo2] [http-nio-8080-exec-8] com.example.demo2.PerformanceAspect      : AOP -> String com.example.demo2.ProductController.buy(Long,Product,boolean) executed in 33 ms
2026-04-26T20:57:01.096+05:30  INFO 3640 --- [demo2] [http-nio-8080-exec-1] com.example.demo2.PerformanceAspect      : AOP -> Optional com.example.demo2.ProductRepository.findByIdForUpdate(Long) executed in 12 ms
2026-04-26T20:57:01.096+05:30  INFO 3640 --- [demo2] [http-nio-8080-exec-1] com.example.demo2.PerformanceAspect      : AOP -> String com.example.demo2.ProductService.buyProductOptimized(Long,int) executed in 12 ms
2026-04-26T20:57:01.106+05:30  INFO 3640 --- [demo2] [http-nio-8080-exec-1] com.example.demo2.PerformanceAspect      : AOP -> String com.example.demo2.ProductController.buy(Long,Product,boolean) executed in 27 ms
2026-04-26T20:57:01.217+05:30  INFO 3640 --- [demo2] [http-nio-8080-exec-3] com.example.demo2.PerformanceAspect      : AOP -> Optional com.example.demo2.ProductRepository.findByIdForUpdate(Long) executed in 22 ms
2026-04-26T20:57:01.218+05:30  INFO 3640 --- [demo2] [http-nio-8080-exec-3] com.example.demo2.PerformanceAspect      : AOP -> String com.example.demo2.ProductService.buyProductOptimized(Long,int) executed in 23 ms
2026-04-26T20:57:01.226+05:30  INFO 3640 --- [demo2] [http-nio-8080-exec-3] com.example.demo2.PerformanceAspect      : AOP -> String com.example.demo2.ProductController.buy(Long,Product,boolean) executed in 33 ms
2026-04-26T20:57:01.326+05:30  INFO 3640 --- [demo2] [http-nio-8080-exec-2] com.example.demo2.PerformanceAspect      : AOP -> Optional com.example.demo2.ProductRepository.findByIdForUpdate(Long) executed in 11 ms
2026-04-26T20:57:01.327+05:30  INFO 3640 --- [demo2] [http-nio-8080-exec-2] com.example.demo2.PerformanceAspect      : AOP -> String com.example.demo2.ProductService.buyProductOptimized(Long,int) executed in 12 ms
2026-04-26T20:57:01.333+05:30  INFO 3640 --- [demo2] [http-nio-8080-exec-2] com.example.demo2.PerformanceAspect      : AOP -> String com.example.demo2.ProductController.buy(Long,Product,boolean) executed in 32 ms
2026-04-26T20:57:01.392+05:30  INFO 3640 --- [demo2] [http-nio-8080-exec-5] com.example.demo2.PerformanceAspect      : AOP -> Optional com.example.demo2.ProductRepository.findByIdForUpdate(Long) executed in 5 ms
2026-04-26T20:57:01.392+05:30  INFO 3640 --- [demo2] [http-nio-8080-exec-5] com.example.demo2.PerformanceAspect      : AOP -> String com.example.demo2.ProductService.buyProductOptimized(Long,int) executed in 5 ms
2026-04-26T20:57:01.401+05:30  INFO 3640 --- [demo2] [http-nio-8080-exec-5] com.example.demo2.PerformanceAspect      : AOP -> String com.example.demo2.ProductController.buy(Long,Product,boolean) executed in 14 ms
2026-04-26T20:57:01.523+05:30  INFO 3640 --- [demo2] [http-nio-8080-exec-9] com.example.demo2.PerformanceAspect      : AOP -> Optional com.example.demo2.ProductRepository.findByIdForUpdate(Long) executed in 8 ms
2026-04-26T20:57:01.524+05:30  INFO 3640 --- [demo2] [http-nio-8080-exec-9] com.example.demo2.PerformanceAspect      : AOP -> String com.example.demo2.ProductService.buyProductOptimized(Long,int) executed in 9 ms
2026-04-26T20:57:01.533+05:30  INFO 3640 --- [demo2] [http-nio-8080-exec-9] com.example.demo2.PerformanceAspect      : AOP -> String com.example.demo2.ProductController.buy(Long,Product,boolean) executed in 21 ms
2026-04-26T20:57:01.581+05:30  INFO 3640 --- [demo2] [http-nio-8080-exec-6] com.example.demo2.PerformanceAspect      : AOP -> Optional com.example.demo2.ProductRepository.findByIdForUpdate(Long) executed in 6 ms
2026-04-26T20:57:01.581+05:30  INFO 3640 --- [demo2] [http-nio-8080-exec-6] com.example.demo2.PerformanceAspect      : AOP -> String com.example.demo2.ProductService.buyProductOptimized(Long,int) executed in 6 ms
2026-04-26T20:57:01.589+05:30  INFO 3640 --- [demo2] [http-nio-8080-exec-6] com.example.demo2.PerformanceAspect      : AOP -> String com.example.demo2.ProductController.buy(Long,Product,boolean) executed in 15 ms
2026-04-26T21:01:50.075+05:30  INFO 3640 --- [demo2] [http-nio-8080-exec-8] com.example.demo2.PerformanceAspect      : AOP -> Optional com.example.demo2.ProductRepository.findByIdForUpdate(Long) executed in 38 ms
2026-04-26T21:01:50.078+05:30  INFO 3640 --- [demo2] [http-nio-8080-exec-8] com.example.demo2.PerformanceAspect      : AOP -> String com.example.demo2.ProductService.buyProductOptimized(Long,int) executed in 41 ms
2026-04-26T21:01:50.084+05:30  INFO 3640 --- [demo2] [http-nio-8080-exec-10] com.example.demo2.PerformanceAspect      : AOP -> Optional com.example.demo2.ProductRepository.findByIdForUpdate(Long) executed in 47 ms
2026-04-26T21:01:50.084+05:30  INFO 3640 --- [demo2] [http-nio-8080-exec-8] com.example.demo2.PerformanceAspect      : AOP -> String com.example.demo2.ProductController.buy(Long,Product,boolean) executed in 51 ms
2026-04-26T21:01:50.084+05:30  INFO 3640 --- [demo2] [http-nio-8080-exec-10] com.example.demo2.PerformanceAspect      : AOP -> String com.example.demo2.ProductService.buyProductOptimized(Long,int) executed in 48 ms
2026-04-26T21:01:50.089+05:30  INFO 3640 --- [demo2] [http-nio-8080-exec-10] com.example.demo2.PerformanceAspect      : AOP -> String com.example.demo2.ProductController.buy(Long,Product,boolean) executed in 72 ms
2026-04-26T21:01:50.137+05:30  INFO 3640 --- [demo2] [http-nio-8080-exec-1] com.example.demo2.PerformanceAspect      : AOP -> Optional com.example.demo2.ProductRepository.findByIdForUpdate(Long) executed in 4 ms
2026-04-26T21:01:50.137+05:30  INFO 3640 --- [demo2] [http-nio-8080-exec-1] com.example.demo2.PerformanceAspect      : AOP -> String com.example.demo2.ProductService.buyProductOptimized(Long,int) executed in 4 ms
2026-04-26T21:01:50.142+05:30  INFO 3640 --- [demo2] [http-nio-8080-exec-1] com.example.demo2.PerformanceAspect      : AOP -> String com.example.demo2.ProductController.buy(Long,Product,boolean) executed in 10 ms
2026-04-26T21:01:50.248+05:30  INFO 3640 --- [demo2] [http-nio-8080-exec-4] com.example.demo2.PerformanceAspect      : AOP -> Optional com.example.demo2.ProductRepository.findByIdForUpdate(Long) executed in 3 ms
2026-04-26T21:01:50.248+05:30  INFO 3640 --- [demo2] [http-nio-8080-exec-4] com.example.demo2.PerformanceAspect      : AOP -> String com.example.demo2.ProductService.buyProductOptimized(Long,int) executed in 3 ms
2026-04-26T21:01:50.257+05:30  INFO 3640 --- [demo2] [http-nio-8080-exec-4] com.example.demo2.PerformanceAspect      : AOP -> String com.example.demo2.ProductController.buy(Long,Product,boolean) executed in 13 ms
2026-04-26T21:01:50.352+05:30  INFO 3640 --- [demo2] [http-nio-8080-exec-2] com.example.demo2.PerformanceAspect      : AOP -> Optional com.example.demo2.ProductRepository.findByIdForUpdate(Long) executed in 6 ms
2026-04-26T21:01:50.352+05:30  INFO 3640 --- [demo2] [http-nio-8080-exec-2] com.example.demo2.PerformanceAspect      : AOP -> String com.example.demo2.ProductService.buyProductOptimized(Long,int) executed in 6 ms
2026-04-26T21:01:50.363+05:30  INFO 3640 --- [demo2] [http-nio-8080-exec-2] com.example.demo2.PerformanceAspect      : AOP -> String com.example.demo2.ProductController.buy(Long,Product,boolean) executed in 22 ms
2026-04-26T21:01:50.473+05:30  INFO 3640 --- [demo2] [http-nio-8080-exec-5] com.example.demo2.PerformanceAspect      : AOP -> Optional com.example.demo2.ProductRepository.findByIdForUpdate(Long) executed in 24 ms
2026-04-26T21:01:50.473+05:30  INFO 3640 --- [demo2] [http-nio-8080-exec-5] com.example.demo2.PerformanceAspect      : AOP -> String com.example.demo2.ProductService.buyProductOptimized(Long,int) executed in 24 ms
2026-04-26T21:01:50.618+05:30  INFO 3640 --- [demo2] [http-nio-8080-exec-9] com.example.demo2.PerformanceAspect      : AOP -> Optional com.example.demo2.ProductRepository.findByIdForUpdate(Long) executed in 49 ms
2026-04-26T21:01:50.618+05:30  INFO 3640 --- [demo2] [http-nio-8080-exec-9] com.example.demo2.PerformanceAspect      : AOP -> String com.example.demo2.ProductService.buyProductOptimized(Long,int) executed in 49 ms
2026-04-26T21:01:50.699+05:30  INFO 3640 --- [demo2] [http-nio-8080-exec-5] com.example.demo2.PerformanceAspect      : AOP -> String com.example.demo2.ProductController.buy(Long,Product,boolean) executed in 262 ms
2026-04-26T21:01:50.724+05:30  INFO 3640 --- [demo2] [http-nio-8080-exec-7] com.example.demo2.PerformanceAspect      : AOP -> Optional com.example.demo2.ProductRepository.findByIdForUpdate(Long) executed in 52 ms
2026-04-26T21:01:50.725+05:30  INFO 3640 --- [demo2] [http-nio-8080-exec-7] com.example.demo2.PerformanceAspect      : AOP -> String com.example.demo2.ProductService.buyProductOptimized(Long,int) executed in 55 ms
2026-04-26T21:01:50.772+05:30  INFO 3640 --- [demo2] [http-nio-8080-exec-9] com.example.demo2.PerformanceAspect      : AOP -> String com.example.demo2.ProductController.buy(Long,Product,boolean) executed in 229 ms
2026-04-26T21:01:50.816+05:30  INFO 3640 --- [demo2] [http-nio-8080-exec-6] com.example.demo2.PerformanceAspect      : AOP -> Optional com.example.demo2.ProductRepository.findByIdForUpdate(Long) executed in 14 ms
2026-04-26T21:01:50.817+05:30  INFO 3640 --- [demo2] [http-nio-8080-exec-6] com.example.demo2.PerformanceAspect      : AOP -> String com.example.demo2.ProductService.buyProductOptimized(Long,int) executed in 15 ms
2026-04-26T21:01:50.820+05:30  INFO 3640 --- [demo2] [http-nio-8080-exec-7] com.example.demo2.PerformanceAspect      : AOP -> String com.example.demo2.ProductController.buy(Long,Product,boolean) executed in 176 ms
2026-04-26T21:01:50.886+05:30  INFO 3640 --- [demo2] [http-nio-8080-exec-6] com.example.demo2.PerformanceAspect      : AOP -> String com.example.demo2.ProductController.buy(Long,Product,boolean) executed in 119 ms
2026-04-26T21:01:50.886+05:30  INFO 3640 --- [demo2] [http-nio-8080-exec-10] com.example.demo2.PerformanceAspect      : AOP -> Optional com.example.demo2.ProductRepository.findByIdForUpdate(Long) executed in 33 ms
2026-04-26T21:01:50.886+05:30  INFO 3640 --- [demo2] [http-nio-8080-exec-10] com.example.demo2.PerformanceAspect      : AOP -> String com.example.demo2.ProductService.buyProductOptimized(Long,int) executed in 33 ms
2026-04-26T21:01:50.904+05:30  INFO 3640 --- [demo2] [http-nio-8080-exec-10] com.example.demo2.PerformanceAspect      : AOP -> String com.example.demo2.ProductController.buy(Long,Product,boolean) executed in 67 ms
2026-04-26T21:01:58.351+05:30  INFO 3640 --- [demo2] [http-nio-8080-exec-4] com.example.demo2.PerformanceAspect      : AOP -> Optional com.example.demo2.ProductRepository.findByIdForUpdate(Long) executed in 6 ms
2026-04-26T21:01:58.351+05:30  INFO 3640 --- [demo2] [http-nio-8080-exec-4] com.example.demo2.PerformanceAspect      : AOP -> String com.example.demo2.ProductService.buyProductOptimized(Long,int) executed in 6 ms
2026-04-26T21:01:58.353+05:30  INFO 3640 --- [demo2] [http-nio-8080-exec-4] com.example.demo2.PerformanceAspect      : AOP -> String com.example.demo2.ProductController.buy(Long,Product,boolean) executed in 9 ms
2026-04-26T21:01:58.453+05:30  INFO 3640 --- [demo2] [http-nio-8080-exec-3] com.example.demo2.PerformanceAspect      : AOP -> Optional com.example.demo2.ProductRepository.findByIdForUpdate(Long) executed in 7 ms
2026-04-26T21:01:58.454+05:30  INFO 3640 --- [demo2] [http-nio-8080-exec-3] com.example.demo2.PerformanceAspect      : AOP -> String com.example.demo2.ProductService.buyProductOptimized(Long,int) executed in 8 ms
2026-04-26T21:01:58.457+05:30  INFO 3640 --- [demo2] [http-nio-8080-exec-3] com.example.demo2.PerformanceAspect      : AOP -> String com.example.demo2.ProductController.buy(Long,Product,boolean) executed in 13 ms
2026-04-26T21:01:58.555+05:30  INFO 3640 --- [demo2] [http-nio-8080-exec-5] com.example.demo2.PerformanceAspect      : AOP -> Optional com.example.demo2.ProductRepository.findByIdForUpdate(Long) executed in 6 ms
2026-04-26T21:01:58.555+05:30  INFO 3640 --- [demo2] [http-nio-8080-exec-5] com.example.demo2.PerformanceAspect      : AOP -> String com.example.demo2.ProductService.buyProductOptimized(Long,int) executed in 6 ms
2026-04-26T21:01:58.558+05:30  INFO 3640 --- [demo2] [http-nio-8080-exec-5] com.example.demo2.PerformanceAspect      : AOP -> String com.example.demo2.ProductController.buy(Long,Product,boolean) executed in 11 ms
2026-04-26T21:01:58.675+05:30  INFO 3640 --- [demo2] [http-nio-8080-exec-9] com.example.demo2.PerformanceAspect      : AOP -> Optional com.example.demo2.ProductRepository.findByIdForUpdate(Long) executed in 23 ms
2026-04-26T21:01:58.675+05:30  INFO 3640 --- [demo2] [http-nio-8080-exec-9] com.example.demo2.PerformanceAspect      : AOP -> String com.example.demo2.ProductService.buyProductOptimized(Long,int) executed in 23 ms
2026-04-26T21:01:58.677+05:30  INFO 3640 --- [demo2] [http-nio-8080-exec-9] com.example.demo2.PerformanceAspect      : AOP -> String com.example.demo2.ProductController.buy(Long,Product,boolean) executed in 26 ms
2026-04-26T21:01:58.756+05:30  INFO 3640 --- [demo2] [http-nio-8080-exec-7] com.example.demo2.PerformanceAspect      : AOP -> Optional com.example.demo2.ProductRepository.findByIdForUpdate(Long) executed in 10 ms
2026-04-26T21:01:58.756+05:30  INFO 3640 --- [demo2] [http-nio-8080-exec-7] com.example.demo2.PerformanceAspect      : AOP -> String com.example.demo2.ProductService.buyProductOptimized(Long,int) executed in 10 ms
2026-04-26T21:01:58.759+05:30  INFO 3640 --- [demo2] [http-nio-8080-exec-7] com.example.demo2.PerformanceAspect      : AOP -> String com.example.demo2.ProductController.buy(Long,Product,boolean) executed in 14 ms
2026-04-26T21:01:58.866+05:30  INFO 3640 --- [demo2] [http-nio-8080-exec-8] com.example.demo2.PerformanceAspect      : AOP -> Optional com.example.demo2.ProductRepository.findByIdForUpdate(Long) executed in 14 ms
2026-04-26T21:01:58.868+05:30  INFO 3640 --- [demo2] [http-nio-8080-exec-8] com.example.demo2.PerformanceAspect      : AOP -> String com.example.demo2.ProductService.buyProductOptimized(Long,int) executed in 16 ms
2026-04-26T21:01:58.872+05:30  INFO 3640 --- [demo2] [http-nio-8080-exec-8] com.example.demo2.PerformanceAspect      : AOP -> String com.example.demo2.ProductController.buy(Long,Product,boolean) executed in 22 ms
2026-04-26T21:01:58.953+05:30  INFO 3640 --- [demo2] [http-nio-8080-exec-10] com.example.demo2.PerformanceAspect      : AOP -> Optional com.example.demo2.ProductRepository.findByIdForUpdate(Long) executed in 6 ms
2026-04-26T21:01:58.953+05:30  INFO 3640 --- [demo2] [http-nio-8080-exec-10] com.example.demo2.PerformanceAspect      : AOP -> String com.example.demo2.ProductService.buyProductOptimized(Long,int) executed in 6 ms
2026-04-26T21:01:58.960+05:30  INFO 3640 --- [demo2] [http-nio-8080-exec-10] com.example.demo2.PerformanceAspect      : AOP -> String com.example.demo2.ProductController.buy(Long,Product,boolean) executed in 15 ms
2026-04-26T21:01:59.053+05:30  INFO 3640 --- [demo2] [http-nio-8080-exec-1] com.example.demo2.PerformanceAspect      : AOP -> Optional com.example.demo2.ProductRepository.findByIdForUpdate(Long) executed in 7 ms
2026-04-26T21:01:59.053+05:30  INFO 3640 --- [demo2] [http-nio-8080-exec-1] com.example.demo2.PerformanceAspect      : AOP -> String com.example.demo2.ProductService.buyProductOptimized(Long,int) executed in 7 ms
2026-04-26T21:01:59.055+05:30  INFO 3640 --- [demo2] [http-nio-8080-exec-1] com.example.demo2.PerformanceAspect      : AOP -> String com.example.demo2.ProductController.buy(Long,Product,boolean) executed in 11 ms
2026-04-26T21:01:59.213+05:30  INFO 3640 --- [demo2] [http-nio-8080-exec-3] com.example.demo2.PerformanceAspect      : AOP -> Optional com.example.demo2.ProductRepository.findByIdForUpdate(Long) executed in 4 ms
2026-04-26T21:01:59.214+05:30  INFO 3640 --- [demo2] [http-nio-8080-exec-3] com.example.demo2.PerformanceAspect      : AOP -> String com.example.demo2.ProductService.buyProductOptimized(Long,int) executed in 5 ms
2026-04-26T21:01:59.215+05:30  INFO 3640 --- [demo2] [http-nio-8080-exec-3] com.example.demo2.PerformanceAspect      : AOP -> String com.example.demo2.ProductController.buy(Long,Product,boolean) executed in 12 ms
2026-04-26T21:01:59.253+05:30  INFO 3640 --- [demo2] [http-nio-8080-exec-2] com.example.demo2.PerformanceAspect      : AOP -> Optional com.example.demo2.ProductRepository.findByIdForUpdate(Long) executed in 3 ms
2026-04-26T21:01:59.253+05:30  INFO 3640 --- [demo2] [http-nio-8080-exec-2] com.example.demo2.PerformanceAspect      : AOP -> String com.example.demo2.ProductService.buyProductOptimized(Long,int) executed in 3 ms
2026-04-26T21:01:59.254+05:30  INFO 3640 --- [demo2] [http-nio-8080-exec-2] com.example.demo2.PerformanceAspect      : AOP -> String com.example.demo2.ProductController.buy(Long,Product,boolean) executed in 5 ms
2026-04-26T21:02:36.978+05:30  INFO 3640 --- [demo2] [http-nio-8080-exec-9] com.example.demo2.PerformanceAspect      : AOP -> Optional com.example.demo2.ProductRepository.findByIdForUpdate(Long) executed in 5 ms
2026-04-26T21:02:36.979+05:30  INFO 3640 --- [demo2] [http-nio-8080-exec-9] com.example.demo2.PerformanceAspect      : AOP -> String com.example.demo2.ProductService.buyProductOptimized(Long,int) executed in 6 ms
2026-04-26T21:02:36.990+05:30  INFO 3640 --- [demo2] [http-nio-8080-exec-9] com.example.demo2.PerformanceAspect      : AOP -> String com.example.demo2.ProductController.buy(Long,Product,boolean) executed in 19 ms
2026-04-26T21:02:37.069+05:30  INFO 3640 --- [demo2] [http-nio-8080-exec-6] com.example.demo2.PerformanceAspect      : AOP -> Optional com.example.demo2.ProductRepository.findByIdForUpdate(Long) executed in 3 ms
2026-04-26T21:02:37.070+05:30  INFO 3640 --- [demo2] [http-nio-8080-exec-6] com.example.demo2.PerformanceAspect      : AOP -> String com.example.demo2.ProductService.buyProductOptimized(Long,int) executed in 4 ms
2026-04-26T21:02:37.079+05:30  INFO 3640 --- [demo2] [http-nio-8080-exec-6] com.example.demo2.PerformanceAspect      : AOP -> String com.example.demo2.ProductController.buy(Long,Product,boolean) executed in 15 ms
2026-04-26T21:02:37.175+05:30  INFO 3640 --- [demo2] [http-nio-8080-exec-8] com.example.demo2.PerformanceAspect      : AOP -> Optional com.example.demo2.ProductRepository.findByIdForUpdate(Long) executed in 2 ms
2026-04-26T21:02:37.176+05:30  INFO 3640 --- [demo2] [http-nio-8080-exec-8] com.example.demo2.PerformanceAspect      : AOP -> String com.example.demo2.ProductService.buyProductOptimized(Long,int) executed in 3 ms
2026-04-26T21:02:37.179+05:30  INFO 3640 --- [demo2] [http-nio-8080-exec-8] com.example.demo2.PerformanceAspect      : AOP -> String com.example.demo2.ProductController.buy(Long,Product,boolean) executed in 8 ms
2026-04-26T21:02:37.325+05:30  INFO 3640 --- [demo2] [http-nio-8080-exec-1] com.example.demo2.PerformanceAspect      : AOP -> Optional com.example.demo2.ProductRepository.findByIdForUpdate(Long) executed in 53 ms
2026-04-26T21:02:37.326+05:30  INFO 3640 --- [demo2] [http-nio-8080-exec-1] com.example.demo2.PerformanceAspect      : AOP -> String com.example.demo2.ProductService.buyProductOptimized(Long,int) executed in 54 ms
2026-04-26T21:02:37.333+05:30  INFO 3640 --- [demo2] [http-nio-8080-exec-1] com.example.demo2.PerformanceAspect      : AOP -> String com.example.demo2.ProductController.buy(Long,Product,boolean) executed in 62 ms
2026-04-26T21:02:37.380+05:30  INFO 3640 --- [demo2] [http-nio-8080-exec-4] com.example.demo2.PerformanceAspect      : AOP -> Optional com.example.demo2.ProductRepository.findByIdForUpdate(Long) executed in 5 ms
2026-04-26T21:02:37.380+05:30  INFO 3640 --- [demo2] [http-nio-8080-exec-4] com.example.demo2.PerformanceAspect      : AOP -> String com.example.demo2.ProductService.buyProductOptimized(Long,int) executed in 5 ms
2026-04-26T21:02:37.385+05:30  INFO 3640 --- [demo2] [http-nio-8080-exec-4] com.example.demo2.PerformanceAspect      : AOP -> String com.example.demo2.ProductController.buy(Long,Product,boolean) executed in 11 ms
2026-04-26T21:02:37.479+05:30  INFO 3640 --- [demo2] [http-nio-8080-exec-2] com.example.demo2.PerformanceAspect      : AOP -> Optional com.example.demo2.ProductRepository.findByIdForUpdate(Long) executed in 7 ms
2026-04-26T21:02:37.480+05:30  INFO 3640 --- [demo2] [http-nio-8080-exec-2] com.example.demo2.PerformanceAspect      : AOP -> String com.example.demo2.ProductService.buyProductOptimized(Long,int) executed in 8 ms
2026-04-26T21:02:37.488+05:30  INFO 3640 --- [demo2] [http-nio-8080-exec-2] com.example.demo2.PerformanceAspect      : AOP -> String com.example.demo2.ProductController.buy(Long,Product,boolean) executed in 16 ms
2026-04-26T21:02:37.772+05:30  INFO 3640 --- [demo2] [http-nio-8080-exec-9] com.example.demo2.PerformanceAspect      : AOP -> Optional com.example.demo2.ProductRepository.findByIdForUpdate(Long) executed in 4 ms
2026-04-26T21:02:37.772+05:30  INFO 3640 --- [demo2] [http-nio-8080-exec-9] com.example.demo2.PerformanceAspect      : AOP -> String com.example.demo2.ProductService.buyProductOptimized(Long,int) executed in 4 ms
2026-04-26T21:02:37.776+05:30  INFO 3640 --- [demo2] [http-nio-8080-exec-5] com.example.demo2.PerformanceAspect      : AOP -> Optional com.example.demo2.ProductRepository.findByIdForUpdate(Long) executed in 7 ms
2026-04-26T21:02:37.776+05:30  INFO 3640 --- [demo2] [http-nio-8080-exec-5] com.example.demo2.PerformanceAspect      : AOP -> String com.example.demo2.ProductService.buyProductOptimized(Long,int) executed in 7 ms
2026-04-26T21:02:37.776+05:30  INFO 3640 --- [demo2] [http-nio-8080-exec-9] com.example.demo2.PerformanceAspect      : AOP -> String com.example.demo2.ProductController.buy(Long,Product,boolean) executed in 13 ms
2026-04-26T21:02:37.785+05:30  INFO 3640 --- [demo2] [http-nio-8080-exec-7] com.example.demo2.PerformanceAspect      : AOP -> Optional com.example.demo2.ProductRepository.findByIdForUpdate(Long) executed in 15 ms
2026-04-26T21:02:37.786+05:30  INFO 3640 --- [demo2] [http-nio-8080-exec-7] com.example.demo2.PerformanceAspect      : AOP -> String com.example.demo2.ProductService.buyProductOptimized(Long,int) executed in 16 ms
2026-04-26T21:02:37.788+05:30  INFO 3640 --- [demo2] [http-nio-8080-exec-5] com.example.demo2.PerformanceAspect      : AOP -> String com.example.demo2.ProductController.buy(Long,Product,boolean) executed in 20 ms
2026-04-26T21:02:37.792+05:30  INFO 3640 --- [demo2] [http-nio-8080-exec-7] com.example.demo2.PerformanceAspect      : AOP -> String com.example.demo2.ProductController.buy(Long,Product,boolean) executed in 23 ms
2026-04-26T21:02:37.876+05:30  INFO 3640 --- [demo2] [http-nio-8080-exec-1] com.example.demo2.PerformanceAspect      : AOP -> Optional com.example.demo2.ProductRepository.findByIdForUpdate(Long) executed in 4 ms
2026-04-26T21:02:37.876+05:30  INFO 3640 --- [demo2] [http-nio-8080-exec-1] com.example.demo2.PerformanceAspect      : AOP -> String com.example.demo2.ProductService.buyProductOptimized(Long,int) executed in 4 ms
2026-04-26T21:02:37.881+05:30  INFO 3640 --- [demo2] [http-nio-8080-exec-1] com.example.demo2.PerformanceAspect      : AOP -> String com.example.demo2.ProductController.buy(Long,Product,boolean) executed in 10 ms
2026-04-26T21:09:12.387+05:30  INFO 16580 --- [demo2] [main] com.example.demo2.Demo2Application       : Starting Demo2Application using Java 25.0.1 with PID 16580 (C:\Users\rama\Desktop\multymidia\demo2\target\classes started by rama in C:\Users\rama\Desktop\multymidia\demo2)
2026-04-26T21:09:12.392+05:30  INFO 16580 --- [demo2] [main] com.example.demo2.Demo2Application       : No active profile set, falling back to 1 default profile: "default"
2026-04-26T21:09:30.535+05:30  INFO 16580 --- [demo2] [main] com.example.demo2.Demo2Application       : Started Demo2Application in 19.673 seconds (process running for 21.372)
2026-04-26T21:09:54.920+05:30  INFO 16580 --- [demo2] [http-nio-8080-exec-6] com.example.demo2.PerformanceAspect      : AOP -> Optional com.example.demo2.ProductRepository.findByIdForUpdate(Long) executed in 432 ms
2026-04-26T21:09:54.924+05:30  INFO 16580 --- [demo2] [http-nio-8080-exec-6] com.example.demo2.PerformanceAspect      : AOP -> String com.example.demo2.ProductService.buyProductOptimized(Long,int) executed in 437 ms
2026-04-26T21:09:54.997+05:30  INFO 16580 --- [demo2] [http-nio-8080-exec-7] com.example.demo2.PerformanceAspect      : AOP -> Optional com.example.demo2.ProductRepository.findByIdForUpdate(Long) executed in 411 ms
2026-04-26T21:09:54.997+05:30  INFO 16580 --- [demo2] [http-nio-8080-exec-7] com.example.demo2.PerformanceAspect      : AOP -> String com.example.demo2.ProductService.buyProductOptimized(Long,int) executed in 411 ms
2026-04-26T21:09:55.000+05:30  INFO 16580 --- [demo2] [http-nio-8080-exec-6] com.example.demo2.PerformanceAspect      : AOP -> String com.example.demo2.ProductController.buy(Long,Product,boolean) executed in 550 ms
2026-04-26T21:09:55.004+05:30  INFO 16580 --- [demo2] [http-nio-8080-exec-8] com.example.demo2.PerformanceAspect      : AOP -> Optional com.example.demo2.ProductRepository.findByIdForUpdate(Long) executed in 238 ms
2026-04-26T21:09:55.005+05:30  INFO 16580 --- [demo2] [http-nio-8080-exec-8] com.example.demo2.PerformanceAspect      : AOP -> String com.example.demo2.ProductService.buyProductOptimized(Long,int) executed in 239 ms
2026-04-26T21:09:55.011+05:30  INFO 16580 --- [demo2] [http-nio-8080-exec-7] com.example.demo2.PerformanceAspect      : AOP -> String com.example.demo2.ProductController.buy(Long,Product,boolean) executed in 486 ms
2026-04-26T21:09:55.013+05:30  INFO 16580 --- [demo2] [http-nio-8080-exec-5] com.example.demo2.PerformanceAspect      : AOP -> Optional com.example.demo2.ProductRepository.findByIdForUpdate(Long) executed in 661 ms
2026-04-26T21:09:55.014+05:30  INFO 16580 --- [demo2] [http-nio-8080-exec-5] com.example.demo2.PerformanceAspect      : AOP -> String com.example.demo2.ProductService.buyProductOptimized(Long,int) executed in 663 ms
2026-04-26T21:09:55.021+05:30  INFO 16580 --- [demo2] [http-nio-8080-exec-10] com.example.demo2.PerformanceAspect      : AOP -> Optional com.example.demo2.ProductRepository.findByIdForUpdate(Long) executed in 172 ms
2026-04-26T21:09:55.021+05:30  INFO 16580 --- [demo2] [http-nio-8080-exec-10] com.example.demo2.PerformanceAspect      : AOP -> String com.example.demo2.ProductService.buyProductOptimized(Long,int) executed in 173 ms
2026-04-26T21:09:55.028+05:30  INFO 16580 --- [demo2] [http-nio-8080-exec-8] com.example.demo2.PerformanceAspect      : AOP -> String com.example.demo2.ProductController.buy(Long,Product,boolean) executed in 393 ms
2026-04-26T21:09:55.028+05:30  INFO 16580 --- [demo2] [http-nio-8080-exec-3] com.example.demo2.PerformanceAspect      : AOP -> Optional com.example.demo2.ProductRepository.findByIdForUpdate(Long) executed in 676 ms
2026-04-26T21:09:55.031+05:30  INFO 16580 --- [demo2] [http-nio-8080-exec-3] com.example.demo2.PerformanceAspect      : AOP -> String com.example.demo2.ProductService.buyProductOptimized(Long,int) executed in 682 ms
2026-04-26T21:09:55.046+05:30  INFO 16580 --- [demo2] [http-nio-8080-exec-5] com.example.demo2.PerformanceAspect      : AOP -> String com.example.demo2.ProductController.buy(Long,Product,boolean) executed in 712 ms
2026-04-26T21:09:55.051+05:30  INFO 16580 --- [demo2] [http-nio-8080-exec-2] com.example.demo2.PerformanceAspect      : AOP -> Optional com.example.demo2.ProductRepository.findByIdForUpdate(Long) executed in 694 ms
2026-04-26T21:09:55.052+05:30  INFO 16580 --- [demo2] [http-nio-8080-exec-2] com.example.demo2.PerformanceAspect      : AOP -> String com.example.demo2.ProductService.buyProductOptimized(Long,int) executed in 703 ms
2026-04-26T21:09:55.053+05:30  INFO 16580 --- [demo2] [http-nio-8080-exec-10] com.example.demo2.PerformanceAspect      : AOP -> String com.example.demo2.ProductController.buy(Long,Product,boolean) executed in 227 ms
2026-04-26T21:09:55.070+05:30  INFO 16580 --- [demo2] [http-nio-8080-exec-3] com.example.demo2.PerformanceAspect      : AOP -> String com.example.demo2.ProductController.buy(Long,Product,boolean) executed in 736 ms
2026-04-26T21:09:55.077+05:30  INFO 16580 --- [demo2] [http-nio-8080-exec-1] com.example.demo2.PerformanceAspect      : AOP -> Optional com.example.demo2.ProductRepository.findByIdForUpdate(Long) executed in 725 ms
2026-04-26T21:09:55.078+05:30  INFO 16580 --- [demo2] [http-nio-8080-exec-1] com.example.demo2.PerformanceAspect      : AOP -> String com.example.demo2.ProductService.buyProductOptimized(Long,int) executed in 728 ms
2026-04-26T21:09:55.086+05:30  INFO 16580 --- [demo2] [http-nio-8080-exec-9] com.example.demo2.PerformanceAspect      : AOP -> Optional com.example.demo2.ProductRepository.findByIdForUpdate(Long) executed in 315 ms
2026-04-26T21:09:55.089+05:30  INFO 16580 --- [demo2] [http-nio-8080-exec-9] com.example.demo2.PerformanceAspect      : AOP -> String com.example.demo2.ProductService.buyProductOptimized(Long,int) executed in 318 ms
2026-04-26T21:09:55.119+05:30  INFO 16580 --- [demo2] [http-nio-8080-exec-2] com.example.demo2.PerformanceAspect      : AOP -> String com.example.demo2.ProductController.buy(Long,Product,boolean) executed in 785 ms
2026-04-26T21:09:55.136+05:30  INFO 16580 --- [demo2] [http-nio-8080-exec-4] com.example.demo2.PerformanceAspect      : AOP -> Optional com.example.demo2.ProductRepository.findByIdForUpdate(Long) executed in 784 ms
2026-04-26T21:09:55.136+05:30  INFO 16580 --- [demo2] [http-nio-8080-exec-4] com.example.demo2.PerformanceAspect      : AOP -> String com.example.demo2.ProductService.buyProductOptimized(Long,int) executed in 787 ms
2026-04-26T21:09:55.203+05:30  INFO 16580 --- [demo2] [http-nio-8080-exec-1] com.example.demo2.PerformanceAspect      : AOP -> String com.example.demo2.ProductController.buy(Long,Product,boolean) executed in 869 ms
2026-04-26T21:09:55.250+05:30  INFO 16580 --- [demo2] [http-nio-8080-exec-4] com.example.demo2.PerformanceAspect      : AOP -> String com.example.demo2.ProductController.buy(Long,Product,boolean) executed in 916 ms
2026-04-26T21:09:55.286+05:30  INFO 16580 --- [demo2] [http-nio-8080-exec-9] com.example.demo2.PerformanceAspect      : AOP -> String com.example.demo2.ProductController.buy(Long,Product,boolean) executed in 529 ms
2026-04-26T21:11:01.983+05:30  INFO 7684 --- [demo2] [main] com.example.demo2.Demo2Application       : Starting Demo2Application using Java 25.0.1 with PID 7684 (C:\Users\rama\Desktop\multymidia\demo2\target\classes started by rama in C:\Users\rama\Desktop\multymidia\demo2)
2026-04-26T21:11:01.988+05:30  INFO 7684 --- [demo2] [main] com.example.demo2.Demo2Application       : No active profile set, falling back to 1 default profile: "default"
2026-04-26T21:11:20.312+05:30  INFO 7684 --- [demo2] [main] com.example.demo2.Demo2Application       : Started Demo2Application in 19.742 seconds (process running for 21.184)
2026-04-26T21:11:24.997+05:30  INFO 7684 --- [demo2] [http-nio-8080-exec-3] com.example.demo2.PerformanceAspect      : AOP -> Optional org.springframework.data.repository.CrudRepository.findById(Object) executed in 230 ms
2026-04-26T21:11:24.997+05:30  INFO 7684 --- [demo2] [http-nio-8080-exec-6] com.example.demo2.PerformanceAspect      : AOP -> Optional org.springframework.data.repository.CrudRepository.findById(Object) executed in 186 ms
2026-04-26T21:11:25.006+05:30  INFO 7684 --- [demo2] [http-nio-8080-exec-5] com.example.demo2.PerformanceAspect      : AOP -> Optional org.springframework.data.repository.CrudRepository.findById(Object) executed in 247 ms
2026-04-26T21:11:25.010+05:30  INFO 7684 --- [demo2] [http-nio-8080-exec-1] com.example.demo2.PerformanceAspect      : AOP -> Optional org.springframework.data.repository.CrudRepository.findById(Object) executed in 248 ms
2026-04-26T21:11:25.013+05:30  INFO 7684 --- [demo2] [http-nio-8080-exec-7] com.example.demo2.PerformanceAspect      : AOP -> Optional org.springframework.data.repository.CrudRepository.findById(Object) executed in 116 ms
2026-04-26T21:11:25.018+05:30  INFO 7684 --- [demo2] [http-nio-8080-exec-4] com.example.demo2.PerformanceAspect      : AOP -> Optional org.springframework.data.repository.CrudRepository.findById(Object) executed in 259 ms
2026-04-26T21:11:25.019+05:30  INFO 7684 --- [demo2] [http-nio-8080-exec-2] com.example.demo2.PerformanceAspect      : AOP -> Optional org.springframework.data.repository.CrudRepository.findById(Object) executed in 258 ms
2026-04-26T21:11:25.021+05:30  INFO 7684 --- [demo2] [http-nio-8080-exec-8] com.example.demo2.PerformanceAspect      : AOP -> Optional org.springframework.data.repository.CrudRepository.findById(Object) executed in 12 ms
2026-04-26T21:11:25.114+05:30  INFO 7684 --- [demo2] [http-nio-8080-exec-9] com.example.demo2.PerformanceAspect      : AOP -> Optional org.springframework.data.repository.CrudRepository.findById(Object) executed in 15 ms
2026-04-26T21:11:25.291+05:30  INFO 7684 --- [demo2] [http-nio-8080-exec-6] com.example.demo2.PerformanceAspect      : AOP -> Object org.springframework.data.repository.CrudRepository.save(Object) executed in 179 ms
2026-04-26T21:11:25.293+05:30  INFO 7684 --- [demo2] [http-nio-8080-exec-6] com.example.demo2.PerformanceAspect      : AOP -> String com.example.demo2.ProductService.buyProductLegacy(Long,int) executed in 486 ms
2026-04-26T21:11:25.294+05:30  INFO 7684 --- [demo2] [http-nio-8080-exec-6] com.example.demo2.PerformanceAspect      : AOP -> String com.example.demo2.ProductController.buy(Long,Product,boolean) executed in 487 ms
2026-04-26T21:11:25.345+05:30  INFO 7684 --- [demo2] [http-nio-8080-exec-2] com.example.demo2.PerformanceAspect      : AOP -> Object org.springframework.data.repository.CrudRepository.save(Object) executed in 220 ms
2026-04-26T21:11:25.346+05:30  INFO 7684 --- [demo2] [http-nio-8080-exec-2] com.example.demo2.PerformanceAspect      : AOP -> String com.example.demo2.ProductService.buyProductLegacy(Long,int) executed in 597 ms
2026-04-26T21:11:25.347+05:30  INFO 7684 --- [demo2] [http-nio-8080-exec-2] com.example.demo2.PerformanceAspect      : AOP -> String com.example.demo2.ProductController.buy(Long,Product,boolean) executed in 598 ms
2026-04-26T21:11:25.368+05:30  INFO 7684 --- [demo2] [http-nio-8080-exec-7] com.example.demo2.PerformanceAspect      : AOP -> Object org.springframework.data.repository.CrudRepository.save(Object) executed in 252 ms
2026-04-26T21:11:25.369+05:30  INFO 7684 --- [demo2] [http-nio-8080-exec-7] com.example.demo2.PerformanceAspect      : AOP -> String com.example.demo2.ProductService.buyProductLegacy(Long,int) executed in 473 ms
2026-04-26T21:11:25.369+05:30  INFO 7684 --- [demo2] [http-nio-8080-exec-7] com.example.demo2.PerformanceAspect      : AOP -> String com.example.demo2.ProductController.buy(Long,Product,boolean) executed in 474 ms
2026-04-26T21:11:25.500+05:30  INFO 7684 --- [demo2] [http-nio-8080-exec-8] com.example.demo2.PerformanceAspect      : AOP -> Object org.springframework.data.repository.CrudRepository.save(Object) executed in 375 ms
2026-04-26T21:11:25.501+05:30  INFO 7684 --- [demo2] [http-nio-8080-exec-8] com.example.demo2.PerformanceAspect      : AOP -> String com.example.demo2.ProductService.buyProductLegacy(Long,int) executed in 492 ms
2026-04-26T21:11:25.502+05:30  INFO 7684 --- [demo2] [http-nio-8080-exec-8] com.example.demo2.PerformanceAspect      : AOP -> String com.example.demo2.ProductController.buy(Long,Product,boolean) executed in 493 ms
2026-04-26T21:11:25.503+05:30  INFO 7684 --- [demo2] [http-nio-8080-exec-3] com.example.demo2.PerformanceAspect      : AOP -> Object org.springframework.data.repository.CrudRepository.save(Object) executed in 395 ms
2026-04-26T21:11:25.503+05:30  INFO 7684 --- [demo2] [http-nio-8080-exec-3] com.example.demo2.PerformanceAspect      : AOP -> String com.example.demo2.ProductService.buyProductLegacy(Long,int) executed in 754 ms
2026-04-26T21:11:25.509+05:30  INFO 7684 --- [demo2] [http-nio-8080-exec-3] com.example.demo2.PerformanceAspect      : AOP -> String com.example.demo2.ProductController.buy(Long,Product,boolean) executed in 760 ms
2026-04-26T21:11:25.518+05:30  INFO 7684 --- [demo2] [http-nio-8080-exec-10] com.example.demo2.PerformanceAspect      : AOP -> Optional org.springframework.data.repository.CrudRepository.findById(Object) executed in 312 ms
2026-04-26T21:11:25.529+05:30  INFO 7684 --- [demo2] [http-nio-8080-exec-1] com.example.demo2.PerformanceAspect      : AOP -> Object org.springframework.data.repository.CrudRepository.save(Object) executed in 417 ms
2026-04-26T21:11:25.530+05:30  INFO 7684 --- [demo2] [http-nio-8080-exec-1] com.example.demo2.PerformanceAspect      : AOP -> String com.example.demo2.ProductService.buyProductLegacy(Long,int) executed in 781 ms
2026-04-26T21:11:25.530+05:30  INFO 7684 --- [demo2] [http-nio-8080-exec-1] com.example.demo2.PerformanceAspect      : AOP -> String com.example.demo2.ProductController.buy(Long,Product,boolean) executed in 787 ms
2026-04-26T21:11:25.535+05:30  INFO 7684 --- [demo2] [http-nio-8080-exec-4] com.example.demo2.PerformanceAspect      : AOP -> Object org.springframework.data.repository.CrudRepository.save(Object) executed in 411 ms
2026-04-26T21:11:25.537+05:30  INFO 7684 --- [demo2] [http-nio-8080-exec-4] com.example.demo2.PerformanceAspect      : AOP -> String com.example.demo2.ProductService.buyProductLegacy(Long,int) executed in 793 ms
2026-04-26T21:11:25.543+05:30  INFO 7684 --- [demo2] [http-nio-8080-exec-4] com.example.demo2.PerformanceAspect      : AOP -> String com.example.demo2.ProductController.buy(Long,Product,boolean) executed in 800 ms
2026-04-26T21:11:25.564+05:30  INFO 7684 --- [demo2] [http-nio-8080-exec-9] com.example.demo2.PerformanceAspect      : AOP -> Object org.springframework.data.repository.CrudRepository.save(Object) executed in 338 ms
2026-04-26T21:11:25.565+05:30  INFO 7684 --- [demo2] [http-nio-8080-exec-9] com.example.demo2.PerformanceAspect      : AOP -> String com.example.demo2.ProductService.buyProductLegacy(Long,int) executed in 466 ms
2026-04-26T21:11:25.565+05:30  INFO 7684 --- [demo2] [http-nio-8080-exec-9] com.example.demo2.PerformanceAspect      : AOP -> String com.example.demo2.ProductController.buy(Long,Product,boolean) executed in 466 ms
2026-04-26T21:11:25.585+05:30  INFO 7684 --- [demo2] [http-nio-8080-exec-5] com.example.demo2.PerformanceAspect      : AOP -> Object org.springframework.data.repository.CrudRepository.save(Object) executed in 473 ms
2026-04-26T21:11:25.586+05:30  INFO 7684 --- [demo2] [http-nio-8080-exec-5] com.example.demo2.PerformanceAspect      : AOP -> String com.example.demo2.ProductService.buyProductLegacy(Long,int) executed in 842 ms
2026-04-26T21:11:25.586+05:30  INFO 7684 --- [demo2] [http-nio-8080-exec-5] com.example.demo2.PerformanceAspect      : AOP -> String com.example.demo2.ProductController.buy(Long,Product,boolean) executed in 843 ms
2026-04-26T21:11:25.684+05:30  INFO 7684 --- [demo2] [http-nio-8080-exec-10] com.example.demo2.PerformanceAspect      : AOP -> Object org.springframework.data.repository.CrudRepository.save(Object) executed in 56 ms
2026-04-26T21:11:25.685+05:30  INFO 7684 --- [demo2] [http-nio-8080-exec-10] com.example.demo2.PerformanceAspect      : AOP -> String com.example.demo2.ProductService.buyProductLegacy(Long,int) executed in 479 ms
2026-04-26T21:11:25.685+05:30  INFO 7684 --- [demo2] [http-nio-8080-exec-10] com.example.demo2.PerformanceAspect      : AOP -> String com.example.demo2.ProductController.buy(Long,Product,boolean) executed in 479 ms
2026-04-26T21:15:41.462+05:30  INFO 1604 --- [demo2] [main] com.example.demo2.Demo2Application       : Starting Demo2Application using Java 25.0.1 with PID 1604 (C:\Users\rama\Desktop\multymidia\demo2\target\classes started by rama in C:\Users\rama\Desktop\multymidia\demo2)
2026-04-26T21:15:41.469+05:30  INFO 1604 --- [demo2] [main] com.example.demo2.Demo2Application       : No active profile set, falling back to 1 default profile: "default"
2026-04-26T21:16:00.326+05:30  INFO 1604 --- [demo2] [main] com.example.demo2.Demo2Application       : Started Demo2Application in 20.678 seconds (process running for 22.179)
2026-04-26T21:16:30.696+05:30  INFO 1604 --- [demo2] [http-nio-8080-exec-8] com.example.demo2.PerformanceAspect      : AOP -> Optional com.example.demo2.ProductRepository.findByIdForUpdate(Long) executed in 372 ms
2026-04-26T21:16:30.701+05:30  INFO 1604 --- [demo2] [http-nio-8080-exec-8] com.example.demo2.PerformanceAspect      : AOP -> String com.example.demo2.ProductService.buyProductOptimized(Long,int) executed in 382 ms
2026-04-26T21:16:30.778+05:30  INFO 1604 --- [demo2] [http-nio-8080-exec-2] com.example.demo2.PerformanceAspect      : AOP -> Optional com.example.demo2.ProductRepository.findByIdForUpdate(Long) executed in 470 ms
2026-04-26T21:16:30.779+05:30  INFO 1604 --- [demo2] [http-nio-8080-exec-2] com.example.demo2.PerformanceAspect      : AOP -> String com.example.demo2.ProductService.buyProductOptimized(Long,int) executed in 472 ms
2026-04-26T21:16:30.790+05:30  INFO 1604 --- [demo2] [http-nio-8080-exec-1] com.example.demo2.PerformanceAspect      : AOP -> Optional com.example.demo2.ProductRepository.findByIdForUpdate(Long) executed in 499 ms
2026-04-26T21:16:30.791+05:30  INFO 1604 --- [demo2] [http-nio-8080-exec-1] com.example.demo2.PerformanceAspect      : AOP -> String com.example.demo2.ProductService.buyProductOptimized(Long,int) executed in 512 ms
2026-04-26T21:16:30.798+05:30  INFO 1604 --- [demo2] [http-nio-8080-exec-9] com.example.demo2.PerformanceAspect      : AOP -> Optional com.example.demo2.ProductRepository.findByIdForUpdate(Long) executed in 502 ms
2026-04-26T21:16:30.799+05:30  INFO 1604 --- [demo2] [http-nio-8080-exec-9] com.example.demo2.PerformanceAspect      : AOP -> String com.example.demo2.ProductService.buyProductOptimized(Long,int) executed in 503 ms
2026-04-26T21:16:30.807+05:30  INFO 1604 --- [demo2] [http-nio-8080-exec-10] com.example.demo2.PerformanceAspect      : AOP -> Optional com.example.demo2.ProductRepository.findByIdForUpdate(Long) executed in 434 ms
2026-04-26T21:16:30.808+05:30  INFO 1604 --- [demo2] [http-nio-8080-exec-8] com.example.demo2.PerformanceAspect      : AOP -> String com.example.demo2.ProductController.buy(Long,Product,boolean) executed in 618 ms
2026-04-26T21:16:30.808+05:30  INFO 1604 --- [demo2] [http-nio-8080-exec-10] com.example.demo2.PerformanceAspect      : AOP -> String com.example.demo2.ProductService.buyProductOptimized(Long,int) executed in 436 ms
2026-04-26T21:16:30.816+05:30  INFO 1604 --- [demo2] [http-nio-8080-exec-7] com.example.demo2.PerformanceAspect      : AOP -> Optional com.example.demo2.ProductRepository.findByIdForUpdate(Long) executed in 526 ms
2026-04-26T21:16:30.817+05:30  INFO 1604 --- [demo2] [http-nio-8080-exec-7] com.example.demo2.PerformanceAspect      : AOP -> String com.example.demo2.ProductService.buyProductOptimized(Long,int) executed in 527 ms
2026-04-26T21:16:30.824+05:30  INFO 1604 --- [demo2] [http-nio-8080-exec-3] com.example.demo2.PerformanceAspect      : AOP -> Optional com.example.demo2.ProductRepository.findByIdForUpdate(Long) executed in 520 ms
2026-04-26T21:16:30.824+05:30  INFO 1604 --- [demo2] [http-nio-8080-exec-3] com.example.demo2.PerformanceAspect      : AOP -> String com.example.demo2.ProductService.buyProductOptimized(Long,int) executed in 520 ms
2026-04-26T21:16:31.023+05:30  INFO 1604 --- [demo2] [http-nio-8080-exec-5] com.example.demo2.PerformanceAspect      : AOP -> Optional com.example.demo2.ProductRepository.findByIdForUpdate(Long) executed in 742 ms
2026-04-26T21:16:31.024+05:30  INFO 1604 --- [demo2] [http-nio-8080-exec-5] com.example.demo2.PerformanceAspect      : AOP -> String com.example.demo2.ProductService.buyProductOptimized(Long,int) executed in 745 ms
2026-04-26T21:16:31.038+05:30  INFO 1604 --- [demo2] [http-nio-8080-exec-9] com.example.demo2.PerformanceAspect      : AOP -> String com.example.demo2.ProductController.buy(Long,Product,boolean) executed in 816 ms
2026-04-26T21:16:31.057+05:30  INFO 1604 --- [demo2] [http-nio-8080-exec-10] com.example.demo2.PerformanceAspect      : AOP -> String com.example.demo2.ProductController.buy(Long,Product,boolean) executed in 898 ms
2026-04-26T21:16:31.075+05:30  INFO 1604 --- [demo2] [http-nio-8080-exec-7] com.example.demo2.PerformanceAspect      : AOP -> String com.example.demo2.ProductController.buy(Long,Product,boolean) executed in 875 ms
2026-04-26T21:16:31.098+05:30  INFO 1604 --- [demo2] [http-nio-8080-exec-1] com.example.demo2.PerformanceAspect      : AOP -> String com.example.demo2.ProductController.buy(Long,Product,boolean) executed in 972 ms
2026-04-26T21:16:31.116+05:30  INFO 1604 --- [demo2] [http-nio-8080-exec-2] com.example.demo2.PerformanceAspect      : AOP -> String com.example.demo2.ProductController.buy(Long,Product,boolean) executed in 897 ms
2026-04-26T21:16:31.133+05:30  INFO 1604 --- [demo2] [http-nio-8080-exec-6] com.example.demo2.PerformanceAspect      : AOP -> Optional com.example.demo2.ProductRepository.findByIdForUpdate(Long) executed in 812 ms
2026-04-26T21:16:31.134+05:30  INFO 1604 --- [demo2] [http-nio-8080-exec-6] com.example.demo2.PerformanceAspect      : AOP -> String com.example.demo2.ProductService.buyProductOptimized(Long,int) executed in 813 ms
2026-04-26T21:16:31.139+05:30  INFO 1604 --- [demo2] [http-nio-8080-exec-3] com.example.demo2.PerformanceAspect      : AOP -> String com.example.demo2.ProductController.buy(Long,Product,boolean) executed in 940 ms
2026-04-26T21:16:31.164+05:30  INFO 1604 --- [demo2] [http-nio-8080-exec-5] com.example.demo2.PerformanceAspect      : AOP -> String com.example.demo2.ProductController.buy(Long,Product,boolean) executed in 1079 ms
2026-04-26T21:16:31.179+05:30  INFO 1604 --- [demo2] [http-nio-8080-exec-4] com.example.demo2.PerformanceAspect      : AOP -> Optional com.example.demo2.ProductRepository.findByIdForUpdate(Long) executed in 875 ms
2026-04-26T21:16:31.180+05:30  INFO 1604 --- [demo2] [http-nio-8080-exec-4] com.example.demo2.PerformanceAspect      : AOP -> String com.example.demo2.ProductService.buyProductOptimized(Long,int) executed in 876 ms
2026-04-26T21:16:31.330+05:30  INFO 1604 --- [demo2] [http-nio-8080-exec-6] com.example.demo2.PerformanceAspect      : AOP -> String com.example.demo2.ProductController.buy(Long,Product,boolean) executed in 1104 ms
2026-04-26T21:16:31.387+05:30  INFO 1604 --- [demo2] [http-nio-8080-exec-4] com.example.demo2.PerformanceAspect      : AOP -> String com.example.demo2.ProductController.buy(Long,Product,boolean) executed in 1178 ms
2026-04-26T21:16:58.389+05:30  INFO 18264 --- [demo2] [main] com.example.demo2.Demo2Application       : Starting Demo2Application using Java 25.0.1 with PID 18264 (C:\Users\rama\Desktop\multymidia\demo2\target\classes started by rama in C:\Users\rama\Desktop\multymidia\demo2)
2026-04-26T21:16:58.398+05:30  INFO 18264 --- [demo2] [main] com.example.demo2.Demo2Application       : No active profile set, falling back to 1 default profile: "default"
2026-04-26T21:17:13.660+05:30  INFO 18264 --- [demo2] [main] com.example.demo2.Demo2Application       : Started Demo2Application in 18.492 seconds (process running for 20.069)
2026-04-26T21:17:38.046+05:30  INFO 18264 --- [demo2] [http-nio-8080-exec-2] com.example.demo2.PerformanceAspect      : AOP -> Optional com.example.demo2.ProductRepository.findByIdForUpdate(Long) executed in 265 ms
2026-04-26T21:17:38.049+05:30  INFO 18264 --- [demo2] [http-nio-8080-exec-2] com.example.demo2.PerformanceAspect      : AOP -> String com.example.demo2.ProductService.buyProductOptimized(Long,int) executed in 272 ms
2026-04-26T21:17:38.122+05:30  INFO 18264 --- [demo2] [http-nio-8080-exec-5] com.example.demo2.PerformanceAspect      : AOP -> Optional com.example.demo2.ProductRepository.findByIdForUpdate(Long) executed in 342 ms
2026-04-26T21:17:38.123+05:30  INFO 18264 --- [demo2] [http-nio-8080-exec-5] com.example.demo2.PerformanceAspect      : AOP -> String com.example.demo2.ProductService.buyProductOptimized(Long,int) executed in 343 ms
2026-04-26T21:17:38.125+05:30  INFO 18264 --- [demo2] [http-nio-8080-exec-2] com.example.demo2.PerformanceAspect      : AOP -> String com.example.demo2.ProductController.buy(Long,Product,boolean) executed in 363 ms
2026-04-26T21:17:38.127+05:30  INFO 18264 --- [demo2] [http-nio-8080-exec-3] com.example.demo2.PerformanceAspect      : AOP -> Optional com.example.demo2.ProductRepository.findByIdForUpdate(Long) executed in 347 ms
2026-04-26T21:17:38.128+05:30  INFO 18264 --- [demo2] [http-nio-8080-exec-3] com.example.demo2.PerformanceAspect      : AOP -> String com.example.demo2.ProductService.buyProductOptimized(Long,int) executed in 351 ms
2026-04-26T21:17:38.129+05:30  INFO 18264 --- [demo2] [http-nio-8080-exec-5] com.example.demo2.PerformanceAspect      : AOP -> String com.example.demo2.ProductController.buy(Long,Product,boolean) executed in 367 ms
2026-04-26T21:17:38.134+05:30  INFO 18264 --- [demo2] [http-nio-8080-exec-1] com.example.demo2.PerformanceAspect      : AOP -> Optional com.example.demo2.ProductRepository.findByIdForUpdate(Long) executed in 349 ms
2026-04-26T21:17:38.135+05:30  INFO 18264 --- [demo2] [http-nio-8080-exec-1] com.example.demo2.PerformanceAspect      : AOP -> String com.example.demo2.ProductService.buyProductOptimized(Long,int) executed in 358 ms
2026-04-26T21:17:38.142+05:30  INFO 18264 --- [demo2] [http-nio-8080-exec-6] com.example.demo2.PerformanceAspect      : AOP -> Optional com.example.demo2.ProductRepository.findByIdForUpdate(Long) executed in 332 ms
2026-04-26T21:17:38.140+05:30  INFO 18264 --- [demo2] [http-nio-8080-exec-3] com.example.demo2.PerformanceAspect      : AOP -> String com.example.demo2.ProductController.buy(Long,Product,boolean) executed in 378 ms
2026-04-26T21:17:38.142+05:30  INFO 18264 --- [demo2] [http-nio-8080-exec-6] com.example.demo2.PerformanceAspect      : AOP -> String com.example.demo2.ProductService.buyProductOptimized(Long,int) executed in 332 ms
2026-04-26T21:17:38.149+05:30  INFO 18264 --- [demo2] [http-nio-8080-exec-4] com.example.demo2.PerformanceAspect      : AOP -> Optional com.example.demo2.ProductRepository.findByIdForUpdate(Long) executed in 367 ms
2026-04-26T21:17:38.150+05:30  INFO 18264 --- [demo2] [http-nio-8080-exec-4] com.example.demo2.PerformanceAspect      : AOP -> String com.example.demo2.ProductService.buyProductOptimized(Long,int) executed in 373 ms
2026-04-26T21:17:38.152+05:30  INFO 18264 --- [demo2] [http-nio-8080-exec-1] com.example.demo2.PerformanceAspect      : AOP -> String com.example.demo2.ProductController.buy(Long,Product,boolean) executed in 390 ms
2026-04-26T21:17:38.160+05:30  INFO 18264 --- [demo2] [http-nio-8080-exec-7] com.example.demo2.PerformanceAspect      : AOP -> Optional com.example.demo2.ProductRepository.findByIdForUpdate(Long) executed in 247 ms
2026-04-26T21:17:38.160+05:30  INFO 18264 --- [demo2] [http-nio-8080-exec-7] com.example.demo2.PerformanceAspect      : AOP -> String com.example.demo2.ProductService.buyProductOptimized(Long,int) executed in 247 ms
2026-04-26T21:17:38.177+05:30  INFO 18264 --- [demo2] [http-nio-8080-exec-6] com.example.demo2.PerformanceAspect      : AOP -> String com.example.demo2.ProductController.buy(Long,Product,boolean) executed in 370 ms
2026-04-26T21:17:38.224+05:30  INFO 18264 --- [demo2] [http-nio-8080-exec-8] com.example.demo2.PerformanceAspect      : AOP -> Optional com.example.demo2.ProductRepository.findByIdForUpdate(Long) executed in 205 ms
2026-04-26T21:17:38.224+05:30  INFO 18264 --- [demo2] [http-nio-8080-exec-8] com.example.demo2.PerformanceAspect      : AOP -> String com.example.demo2.ProductService.buyProductOptimized(Long,int) executed in 205 ms
2026-04-26T21:17:38.228+05:30  INFO 18264 --- [demo2] [http-nio-8080-exec-4] com.example.demo2.PerformanceAspect      : AOP -> String com.example.demo2.ProductController.buy(Long,Product,boolean) executed in 466 ms
2026-04-26T21:17:38.240+05:30  INFO 18264 --- [demo2] [http-nio-8080-exec-9] com.example.demo2.PerformanceAspect      : AOP -> Optional com.example.demo2.ProductRepository.findByIdForUpdate(Long) executed in 122 ms
2026-04-26T21:17:38.241+05:30  INFO 18264 --- [demo2] [http-nio-8080-exec-9] com.example.demo2.PerformanceAspect      : AOP -> String com.example.demo2.ProductService.buyProductOptimized(Long,int) executed in 123 ms
2026-04-26T21:17:38.243+05:30  INFO 18264 --- [demo2] [http-nio-8080-exec-7] com.example.demo2.PerformanceAspect      : AOP -> String com.example.demo2.ProductController.buy(Long,Product,boolean) executed in 334 ms
2026-04-26T21:17:38.252+05:30  INFO 18264 --- [demo2] [http-nio-8080-exec-1] com.example.demo2.PerformanceAspect      : AOP -> Optional com.example.demo2.ProductRepository.findByIdForUpdate(Long) executed in 25 ms
2026-04-26T21:17:38.252+05:30  INFO 18264 --- [demo2] [http-nio-8080-exec-1] com.example.demo2.PerformanceAspect      : AOP -> String com.example.demo2.ProductService.buyProductOptimized(Long,int) executed in 25 ms
2026-04-26T21:17:38.254+05:30  INFO 18264 --- [demo2] [http-nio-8080-exec-8] com.example.demo2.PerformanceAspect      : AOP -> String com.example.demo2.ProductController.buy(Long,Product,boolean) executed in 239 ms
2026-04-26T21:17:38.292+05:30  INFO 18264 --- [demo2] [http-nio-8080-exec-9] com.example.demo2.PerformanceAspect      : AOP -> String com.example.demo2.ProductController.buy(Long,Product,boolean) executed in 176 ms
2026-04-26T21:17:38.303+05:30  INFO 18264 --- [demo2] [http-nio-8080-exec-1] com.example.demo2.PerformanceAspect      : AOP -> String com.example.demo2.ProductController.buy(Long,Product,boolean) executed in 91 ms
